<?xml version="1.0" encoding="UTF-8"?>
<testsuite xmlns:xsi="http://www.w3.org/2001/XMLSchema-instance" xsi:noNamespaceSchemaLocation="https://maven.apache.org/surefire/maven-surefire-plugin/xsd/surefire-test-report.xsd" name="com.laratecsys.testecinqspringrest.TesteCinqSpringRestApplicationTests" time="7.338" tests="1" errors="0" skipped="0" failures="0">
  <properties>
    <property name="sun.desktop" value="windows"/>
    <property name="awt.toolkit" value="sun.awt.windows.WToolkit"/>
    <property name="file.encoding.pkg" value="sun.io"/>
    <property name="java.specification.version" value="1.8"/>
    <property name="sun.cpu.isalist" value="amd64"/>
    <property name="sun.jnu.encoding" value="Cp1252"/>
    <property name="java.class.path" value="C:\Users\tiago.ribeiro.safetycontrol.000\eclipse-workspace\teste-cinq-spring-rest\target\test-classes;C:\Users\tiago.ribeiro.safetycontrol.000\eclipse-workspace\teste-cinq-spring-rest\target\classes;C:\Users\tiago.ribeiro.safetycontrol.000\.m2\repository\org\springframework\boot\spring-boot-starter-jersey\2.2.7.RELEASE\spring-boot-starter-jersey-2.2.7.RELEASE.jar;C:\Users\tiago.ribeiro.safetycontrol.000\.m2\repository\org\springframework\boot\spring-boot-starter-json\2.2.7.RELEASE\spring-boot-starter-json-2.2.7.RELEASE.jar;C:\Users\tiago.ribeiro.safetycontrol.000\.m2\repository\com\fasterxml\jackson\core\jackson-databind\2.10.4\jackson-databind-2.10.4.jar;C:\Users\tiago.ribeiro.safetycontrol.000\.m2\repository\com\fasterxml\jackson\core\jackson-core\2.10.4\jackson-core-2.10.4.jar;C:\Users\tiago.ribeiro.safetycontrol.000\.m2\repository\com\fasterxml\jackson\datatype\jackson-datatype-jdk8\2.10.4\jackson-datatype-jdk8-2.10.4.jar;C:\Users\tiago.ribeiro.safetycontrol.000\.m2\repository\com\fasterxml\jackson\datatype\jackson-datatype-jsr310\2.10.4\jackson-datatype-jsr310-2.10.4.jar;C:\Users\tiago.ribeiro.safetycontrol.000\.m2\repository\com\fasterxml\jackson\module\jackson-module-parameter-names\2.10.4\jackson-module-parameter-names-2.10.4.jar;C:\Users\tiago.ribeiro.safetycontrol.000\.m2\repository\org\springframework\boot\spring-boot-starter-tomcat\2.2.7.RELEASE\spring-boot-starter-tomcat-2.2.7.RELEASE.jar;C:\Users\tiago.ribeiro.safetycontrol.000\.m2\repository\org\apache\tomcat\embed\tomcat-embed-core\9.0.34\tomcat-embed-core-9.0.34.jar;C:\Users\tiago.ribeiro.safetycontrol.000\.m2\repository\org\apache\tomcat\embed\tomcat-embed-el\9.0.34\tomcat-embed-el-9.0.34.jar;C:\Users\tiago.ribeiro.safetycontrol.000\.m2\repository\org\apache\tomcat\embed\tomcat-embed-websocket\9.0.34\tomcat-embed-websocket-9.0.34.jar;C:\Users\tiago.ribeiro.safetycontrol.000\.m2\repository\org\springframework\boot\spring-boot-starter-validation\2.2.7.RELEASE\spring-boot-starter-validation-2.2.7.RELEASE.jar;C:\Users\tiago.ribeiro.safetycontrol.000\.m2\repository\jakarta\validation\jakarta.validation-api\2.0.2\jakarta.validation-api-2.0.2.jar;C:\Users\tiago.ribeiro.safetycontrol.000\.m2\repository\org\hibernate\validator\hibernate-validator\6.0.19.Final\hibernate-validator-6.0.19.Final.jar;C:\Users\tiago.ribeiro.safetycontrol.000\.m2\repository\jakarta\annotation\jakarta.annotation-api\1.3.5\jakarta.annotation-api-1.3.5.jar;C:\Users\tiago.ribeiro.safetycontrol.000\.m2\repository\jakarta\ws\rs\jakarta.ws.rs-api\2.1.6\jakarta.ws.rs-api-2.1.6.jar;C:\Users\tiago.ribeiro.safetycontrol.000\.m2\repository\org\springframework\spring-web\5.2.6.RELEASE\spring-web-5.2.6.RELEASE.jar;C:\Users\tiago.ribeiro.safetycontrol.000\.m2\repository\org\springframework\spring-beans\5.2.6.RELEASE\spring-beans-5.2.6.RELEASE.jar;C:\Users\tiago.ribeiro.safetycontrol.000\.m2\repository\org\glassfish\jersey\core\jersey-server\2.29.1\jersey-server-2.29.1.jar;C:\Users\tiago.ribeiro.safetycontrol.000\.m2\repository\org\glassfish\jersey\core\jersey-common\2.29.1\jersey-common-2.29.1.jar;C:\Users\tiago.ribeiro.safetycontrol.000\.m2\repository\org\glassfish\hk2\osgi-resource-locator\1.0.3\osgi-resource-locator-1.0.3.jar;C:\Users\tiago.ribeiro.safetycontrol.000\.m2\repository\org\glassfish\jersey\core\jersey-client\2.29.1\jersey-client-2.29.1.jar;C:\Users\tiago.ribeiro.safetycontrol.000\.m2\repository\org\glassfish\jersey\media\jersey-media-jaxb\2.29.1\jersey-media-jaxb-2.29.1.jar;C:\Users\tiago.ribeiro.safetycontrol.000\.m2\repository\org\glassfish\hk2\external\jakarta.inject\2.6.1\jakarta.inject-2.6.1.jar;C:\Users\tiago.ribeiro.safetycontrol.000\.m2\repository\org\glassfish\jersey\containers\jersey-container-servlet-core\2.29.1\jersey-container-servlet-core-2.29.1.jar;C:\Users\tiago.ribeiro.safetycontrol.000\.m2\repository\org\glassfish\jersey\containers\jersey-container-servlet\2.29.1\jersey-container-servlet-2.29.1.jar;C:\Users\tiago.ribeiro.safetycontrol.000\.m2\repository\org\glassfish\jersey\ext\jersey-bean-validation\2.29.1\jersey-bean-validation-2.29.1.jar;C:\Users\tiago.ribeiro.safetycontrol.000\.m2\repository\org\glassfish\jersey\ext\jersey-spring5\2.29.1\jersey-spring5-2.29.1.jar;C:\Users\tiago.ribeiro.safetycontrol.000\.m2\repository\org\glassfish\jersey\inject\jersey-hk2\2.29.1\jersey-hk2-2.29.1.jar;C:\Users\tiago.ribeiro.safetycontrol.000\.m2\repository\org\glassfish\hk2\hk2-locator\2.6.1\hk2-locator-2.6.1.jar;C:\Users\tiago.ribeiro.safetycontrol.000\.m2\repository\org\glassfish\hk2\external\aopalliance-repackaged\2.6.1\aopalliance-repackaged-2.6.1.jar;C:\Users\tiago.ribeiro.safetycontrol.000\.m2\repository\org\glassfish\hk2\hk2\2.6.1\hk2-2.6.1.jar;C:\Users\tiago.ribeiro.safetycontrol.000\.m2\repository\org\glassfish\hk2\hk2-utils\2.6.1\hk2-utils-2.6.1.jar;C:\Users\tiago.ribeiro.safetycontrol.000\.m2\repository\org\glassfish\hk2\hk2-api\2.6.1\hk2-api-2.6.1.jar;C:\Users\tiago.ribeiro.safetycontrol.000\.m2\repository\org\glassfish\hk2\hk2-core\2.6.1\hk2-core-2.6.1.jar;C:\Users\tiago.ribeiro.safetycontrol.000\.m2\repository\org\glassfish\hk2\hk2-runlevel\2.6.1\hk2-runlevel-2.6.1.jar;C:\Users\tiago.ribeiro.safetycontrol.000\.m2\repository\org\glassfish\hk2\class-model\2.6.1\class-model-2.6.1.jar;C:\Users\tiago.ribeiro.safetycontrol.000\.m2\repository\org\ow2\asm\asm\7.1\asm-7.1.jar;C:\Users\tiago.ribeiro.safetycontrol.000\.m2\repository\org\ow2\asm\asm-analysis\7.1\asm-analysis-7.1.jar;C:\Users\tiago.ribeiro.safetycontrol.000\.m2\repository\org\ow2\asm\asm-commons\7.1\asm-commons-7.1.jar;C:\Users\tiago.ribeiro.safetycontrol.000\.m2\repository\org\ow2\asm\asm-tree\7.1\asm-tree-7.1.jar;C:\Users\tiago.ribeiro.safetycontrol.000\.m2\repository\org\ow2\asm\asm-util\7.1\asm-util-7.1.jar;C:\Users\tiago.ribeiro.safetycontrol.000\.m2\repository\org\glassfish\hk2\spring-bridge\2.6.1\spring-bridge-2.6.1.jar;C:\Users\tiago.ribeiro.safetycontrol.000\.m2\repository\org\springframework\spring-aop\5.2.6.RELEASE\spring-aop-5.2.6.RELEASE.jar;C:\Users\tiago.ribeiro.safetycontrol.000\.m2\repository\org\glassfish\jersey\media\jersey-media-json-jackson\2.29.1\jersey-media-json-jackson-2.29.1.jar;C:\Users\tiago.ribeiro.safetycontrol.000\.m2\repository\org\glassfish\jersey\ext\jersey-entity-filtering\2.29.1\jersey-entity-filtering-2.29.1.jar;C:\Users\tiago.ribeiro.safetycontrol.000\.m2\repository\com\fasterxml\jackson\core\jackson-annotations\2.10.4\jackson-annotations-2.10.4.jar;C:\Users\tiago.ribeiro.safetycontrol.000\.m2\repository\com\fasterxml\jackson\module\jackson-module-jaxb-annotations\2.10.4\jackson-module-jaxb-annotations-2.10.4.jar;C:\Users\tiago.ribeiro.safetycontrol.000\.m2\repository\jakarta\xml\bind\jakarta.xml.bind-api\2.3.3\jakarta.xml.bind-api-2.3.3.jar;C:\Users\tiago.ribeiro.safetycontrol.000\.m2\repository\jakarta\activation\jakarta.activation-api\1.2.2\jakarta.activation-api-1.2.2.jar;C:\Users\tiago.ribeiro.safetycontrol.000\.m2\repository\org\springframework\boot\spring-boot-starter-web\2.2.7.RELEASE\spring-boot-starter-web-2.2.7.RELEASE.jar;C:\Users\tiago.ribeiro.safetycontrol.000\.m2\repository\org\springframework\boot\spring-boot-starter\2.2.7.RELEASE\spring-boot-starter-2.2.7.RELEASE.jar;C:\Users\tiago.ribeiro.safetycontrol.000\.m2\repository\org\springframework\boot\spring-boot\2.2.7.RELEASE\spring-boot-2.2.7.RELEASE.jar;C:\Users\tiago.ribeiro.safetycontrol.000\.m2\repository\org\springframework\boot\spring-boot-autoconfigure\2.2.7.RELEASE\spring-boot-autoconfigure-2.2.7.RELEASE.jar;C:\Users\tiago.ribeiro.safetycontrol.000\.m2\repository\org\springframework\boot\spring-boot-starter-logging\2.2.7.RELEASE\spring-boot-starter-logging-2.2.7.RELEASE.jar;C:\Users\tiago.ribeiro.safetycontrol.000\.m2\repository\ch\qos\logback\logback-classic\1.2.3\logback-classic-1.2.3.jar;C:\Users\tiago.ribeiro.safetycontrol.000\.m2\repository\ch\qos\logback\logback-core\1.2.3\logback-core-1.2.3.jar;C:\Users\tiago.ribeiro.safetycontrol.000\.m2\repository\org\apache\logging\log4j\log4j-to-slf4j\2.12.1\log4j-to-slf4j-2.12.1.jar;C:\Users\tiago.ribeiro.safetycontrol.000\.m2\repository\org\apache\logging\log4j\log4j-api\2.12.1\log4j-api-2.12.1.jar;C:\Users\tiago.ribeiro.safetycontrol.000\.m2\repository\org\slf4j\jul-to-slf4j\1.7.30\jul-to-slf4j-1.7.30.jar;C:\Users\tiago.ribeiro.safetycontrol.000\.m2\repository\org\yaml\snakeyaml\1.25\snakeyaml-1.25.jar;C:\Users\tiago.ribeiro.safetycontrol.000\.m2\repository\org\springframework\spring-webmvc\5.2.6.RELEASE\spring-webmvc-5.2.6.RELEASE.jar;C:\Users\tiago.ribeiro.safetycontrol.000\.m2\repository\org\springframework\spring-context\5.2.6.RELEASE\spring-context-5.2.6.RELEASE.jar;C:\Users\tiago.ribeiro.safetycontrol.000\.m2\repository\org\springframework\spring-expression\5.2.6.RELEASE\spring-expression-5.2.6.RELEASE.jar;C:\Users\tiago.ribeiro.safetycontrol.000\.m2\repository\org\springframework\boot\spring-boot-starter-web-services\2.2.7.RELEASE\spring-boot-starter-web-services-2.2.7.RELEASE.jar;C:\Users\tiago.ribeiro.safetycontrol.000\.m2\repository\com\sun\xml\messaging\saaj\saaj-impl\1.5.2\saaj-impl-1.5.2.jar;C:\Users\tiago.ribeiro.safetycontrol.000\.m2\repository\jakarta\xml\soap\jakarta.xml.soap-api\1.4.2\jakarta.xml.soap-api-1.4.2.jar;C:\Users\tiago.ribeiro.safetycontrol.000\.m2\repository\org\jvnet\staxex\stax-ex\1.8.3\stax-ex-1.8.3.jar;C:\Users\tiago.ribeiro.safetycontrol.000\.m2\repository\com\sun\activation\jakarta.activation\1.2.2\jakarta.activation-1.2.2.jar;C:\Users\tiago.ribeiro.safetycontrol.000\.m2\repository\jakarta\xml\ws\jakarta.xml.ws-api\2.3.3\jakarta.xml.ws-api-2.3.3.jar;C:\Users\tiago.ribeiro.safetycontrol.000\.m2\repository\jakarta\jws\jakarta.jws-api\2.1.0\jakarta.jws-api-2.1.0.jar;C:\Users\tiago.ribeiro.safetycontrol.000\.m2\repository\org\springframework\spring-oxm\5.2.6.RELEASE\spring-oxm-5.2.6.RELEASE.jar;C:\Users\tiago.ribeiro.safetycontrol.000\.m2\repository\org\springframework\ws\spring-ws-core\3.0.9.RELEASE\spring-ws-core-3.0.9.RELEASE.jar;C:\Users\tiago.ribeiro.safetycontrol.000\.m2\repository\org\springframework\ws\spring-xml\3.0.9.RELEASE\spring-xml-3.0.9.RELEASE.jar;C:\Users\tiago.ribeiro.safetycontrol.000\.m2\repository\org\springframework\boot\spring-boot-starter-test\2.2.7.RELEASE\spring-boot-starter-test-2.2.7.RELEASE.jar;C:\Users\tiago.ribeiro.safetycontrol.000\.m2\repository\org\springframework\boot\spring-boot-test\2.2.7.RELEASE\spring-boot-test-2.2.7.RELEASE.jar;C:\Users\tiago.ribeiro.safetycontrol.000\.m2\repository\org\springframework\boot\spring-boot-test-autoconfigure\2.2.7.RELEASE\spring-boot-test-autoconfigure-2.2.7.RELEASE.jar;C:\Users\tiago.ribeiro.safetycontrol.000\.m2\repository\com\jayway\jsonpath\json-path\2.4.0\json-path-2.4.0.jar;C:\Users\tiago.ribeiro.safetycontrol.000\.m2\repository\net\minidev\json-smart\2.3\json-smart-2.3.jar;C:\Users\tiago.ribeiro.safetycontrol.000\.m2\repository\net\minidev\accessors-smart\1.2\accessors-smart-1.2.jar;C:\Users\tiago.ribeiro.safetycontrol.000\.m2\repository\org\slf4j\slf4j-api\1.7.30\slf4j-api-1.7.30.jar;C:\Users\tiago.ribeiro.safetycontrol.000\.m2\repository\org\junit\jupiter\junit-jupiter\5.5.2\junit-jupiter-5.5.2.jar;C:\Users\tiago.ribeiro.safetycontrol.000\.m2\repository\org\junit\jupiter\junit-jupiter-api\5.5.2\junit-jupiter-api-5.5.2.jar;C:\Users\tiago.ribeiro.safetycontrol.000\.m2\repository\org\apiguardian\apiguardian-api\1.1.0\apiguardian-api-1.1.0.jar;C:\Users\tiago.ribeiro.safetycontrol.000\.m2\repository\org\opentest4j\opentest4j\1.2.0\opentest4j-1.2.0.jar;C:\Users\tiago.ribeiro.safetycontrol.000\.m2\repository\org\junit\platform\junit-platform-commons\1.5.2\junit-platform-commons-1.5.2.jar;C:\Users\tiago.ribeiro.safetycontrol.000\.m2\repository\org\junit\jupiter\junit-jupiter-params\5.5.2\junit-jupiter-params-5.5.2.jar;C:\Users\tiago.ribeiro.safetycontrol.000\.m2\repository\org\junit\jupiter\junit-jupiter-engine\5.5.2\junit-jupiter-engine-5.5.2.jar;C:\Users\tiago.ribeiro.safetycontrol.000\.m2\repository\org\junit\platform\junit-platform-engine\1.5.2\junit-platform-engine-1.5.2.jar;C:\Users\tiago.ribeiro.safetycontrol.000\.m2\repository\org\mockito\mockito-junit-jupiter\3.1.0\mockito-junit-jupiter-3.1.0.jar;C:\Users\tiago.ribeiro.safetycontrol.000\.m2\repository\org\assertj\assertj-core\3.13.2\assertj-core-3.13.2.jar;C:\Users\tiago.ribeiro.safetycontrol.000\.m2\repository\org\hamcrest\hamcrest\2.1\hamcrest-2.1.jar;C:\Users\tiago.ribeiro.safetycontrol.000\.m2\repository\org\mockito\mockito-core\3.1.0\mockito-core-3.1.0.jar;C:\Users\tiago.ribeiro.safetycontrol.000\.m2\repository\net\bytebuddy\byte-buddy\1.10.10\byte-buddy-1.10.10.jar;C:\Users\tiago.ribeiro.safetycontrol.000\.m2\repository\net\bytebuddy\byte-buddy-agent\1.10.10\byte-buddy-agent-1.10.10.jar;C:\Users\tiago.ribeiro.safetycontrol.000\.m2\repository\org\objenesis\objenesis\2.6\objenesis-2.6.jar;C:\Users\tiago.ribeiro.safetycontrol.000\.m2\repository\org\skyscreamer\jsonassert\1.5.0\jsonassert-1.5.0.jar;C:\Users\tiago.ribeiro.safetycontrol.000\.m2\repository\com\vaadin\external\google\android-json\0.0.20131108.vaadin1\android-json-0.0.20131108.vaadin1.jar;C:\Users\tiago.ribeiro.safetycontrol.000\.m2\repository\org\springframework\spring-core\5.2.6.RELEASE\spring-core-5.2.6.RELEASE.jar;C:\Users\tiago.ribeiro.safetycontrol.000\.m2\repository\org\springframework\spring-jcl\5.2.6.RELEASE\spring-jcl-5.2.6.RELEASE.jar;C:\Users\tiago.ribeiro.safetycontrol.000\.m2\repository\org\springframework\spring-test\5.2.6.RELEASE\spring-test-5.2.6.RELEASE.jar;C:\Users\tiago.ribeiro.safetycontrol.000\.m2\repository\org\xmlunit\xmlunit-core\2.6.4\xmlunit-core-2.6.4.jar;C:\Users\tiago.ribeiro.safetycontrol.000\.m2\repository\org\springframework\boot\spring-boot-starter-data-jpa\2.2.7.RELEASE\spring-boot-starter-data-jpa-2.2.7.RELEASE.jar;C:\Users\tiago.ribeiro.safetycontrol.000\.m2\repository\org\springframework\boot\spring-boot-starter-aop\2.2.7.RELEASE\spring-boot-starter-aop-2.2.7.RELEASE.jar;C:\Users\tiago.ribeiro.safetycontrol.000\.m2\repository\org\aspectj\aspectjweaver\1.9.5\aspectjweaver-1.9.5.jar;C:\Users\tiago.ribeiro.safetycontrol.000\.m2\repository\org\springframework\boot\spring-boot-starter-jdbc\2.2.7.RELEASE\spring-boot-starter-jdbc-2.2.7.RELEASE.jar;C:\Users\tiago.ribeiro.safetycontrol.000\.m2\repository\com\zaxxer\HikariCP\3.4.3\HikariCP-3.4.3.jar;C:\Users\tiago.ribeiro.safetycontrol.000\.m2\repository\org\springframework\spring-jdbc\5.2.6.RELEASE\spring-jdbc-5.2.6.RELEASE.jar;C:\Users\tiago.ribeiro.safetycontrol.000\.m2\repository\jakarta\persistence\jakarta.persistence-api\2.2.3\jakarta.persistence-api-2.2.3.jar;C:\Users\tiago.ribeiro.safetycontrol.000\.m2\repository\jakarta\transaction\jakarta.transaction-api\1.3.3\jakarta.transaction-api-1.3.3.jar;C:\Users\tiago.ribeiro.safetycontrol.000\.m2\repository\org\hibernate\hibernate-core\5.4.15.Final\hibernate-core-5.4.15.Final.jar;C:\Users\tiago.ribeiro.safetycontrol.000\.m2\repository\org\jboss\logging\jboss-logging\3.4.1.Final\jboss-logging-3.4.1.Final.jar;C:\Users\tiago.ribeiro.safetycontrol.000\.m2\repository\org\javassist\javassist\3.24.0-GA\javassist-3.24.0-GA.jar;C:\Users\tiago.ribeiro.safetycontrol.000\.m2\repository\antlr\antlr\2.7.7\antlr-2.7.7.jar;C:\Users\tiago.ribeiro.safetycontrol.000\.m2\repository\org\jboss\jandex\2.1.3.Final\jandex-2.1.3.Final.jar;C:\Users\tiago.ribeiro.safetycontrol.000\.m2\repository\com\fasterxml\classmate\1.5.1\classmate-1.5.1.jar;C:\Users\tiago.ribeiro.safetycontrol.000\.m2\repository\org\dom4j\dom4j\2.1.3\dom4j-2.1.3.jar;C:\Users\tiago.ribeiro.safetycontrol.000\.m2\repository\org\hibernate\common\hibernate-commons-annotations\5.1.0.Final\hibernate-commons-annotations-5.1.0.Final.jar;C:\Users\tiago.ribeiro.safetycontrol.000\.m2\repository\org\glassfish\jaxb\jaxb-runtime\2.3.3\jaxb-runtime-2.3.3.jar;C:\Users\tiago.ribeiro.safetycontrol.000\.m2\repository\org\glassfish\jaxb\txw2\2.3.3\txw2-2.3.3.jar;C:\Users\tiago.ribeiro.safetycontrol.000\.m2\repository\com\sun\istack\istack-commons-runtime\3.0.11\istack-commons-runtime-3.0.11.jar;C:\Users\tiago.ribeiro.safetycontrol.000\.m2\repository\org\springframework\data\spring-data-jpa\2.2.7.RELEASE\spring-data-jpa-2.2.7.RELEASE.jar;C:\Users\tiago.ribeiro.safetycontrol.000\.m2\repository\org\springframework\data\spring-data-commons\2.2.7.RELEASE\spring-data-commons-2.2.7.RELEASE.jar;C:\Users\tiago.ribeiro.safetycontrol.000\.m2\repository\org\springframework\spring-orm\5.2.6.RELEASE\spring-orm-5.2.6.RELEASE.jar;C:\Users\tiago.ribeiro.safetycontrol.000\.m2\repository\org\springframework\spring-tx\5.2.6.RELEASE\spring-tx-5.2.6.RELEASE.jar;C:\Users\tiago.ribeiro.safetycontrol.000\.m2\repository\org\springframework\spring-aspects\5.2.6.RELEASE\spring-aspects-5.2.6.RELEASE.jar;C:\Users\tiago.ribeiro.safetycontrol.000\.m2\repository\com\h2database\h2\1.4.200\h2-1.4.200.jar;"/>
    <property name="java.vm.vendor" value="Oracle Corporation"/>
    <property name="sun.arch.data.model" value="64"/>
    <property name="user.variant" value=""/>
    <property name="java.vendor.url" value="http://java.oracle.com/"/>
    <property name="user.timezone" value="America/Sao_Paulo"/>
    <property name="java.vm.specification.version" value="1.8"/>
    <property name="os.name" value="Windows 10"/>
    <property name="user.country" value="BR"/>
    <property name="sun.java.launcher" value="SUN_STANDARD"/>
    <property name="sun.boot.library.path" value="C:\Program Files\Java\jdk1.8.0_111\jre\bin"/>
    <property name="sun.java.command" value="C:\Users\TIAGOR~1.000\AppData\Local\Temp\surefire3747901216691094516\surefirebooter8535375000908501547.jar C:\Users\tiago.ribeiro.safetycontrol.000\AppData\Local\Temp\surefire3747901216691094516 2020-05-08T11-22-19_265-jvmRun1 surefire2017952567226765455tmp surefire_08654891687860072520tmp"/>
    <property name="surefire.test.class.path" value="C:\Users\tiago.ribeiro.safetycontrol.000\eclipse-workspace\teste-cinq-spring-rest\target\test-classes;C:\Users\tiago.ribeiro.safetycontrol.000\eclipse-workspace\teste-cinq-spring-rest\target\classes;C:\Users\tiago.ribeiro.safetycontrol.000\.m2\repository\org\springframework\boot\spring-boot-starter-jersey\2.2.7.RELEASE\spring-boot-starter-jersey-2.2.7.RELEASE.jar;C:\Users\tiago.ribeiro.safetycontrol.000\.m2\repository\org\springframework\boot\spring-boot-starter-json\2.2.7.RELEASE\spring-boot-starter-json-2.2.7.RELEASE.jar;C:\Users\tiago.ribeiro.safetycontrol.000\.m2\repository\com\fasterxml\jackson\core\jackson-databind\2.10.4\jackson-databind-2.10.4.jar;C:\Users\tiago.ribeiro.safetycontrol.000\.m2\repository\com\fasterxml\jackson\core\jackson-core\2.10.4\jackson-core-2.10.4.jar;C:\Users\tiago.ribeiro.safetycontrol.000\.m2\repository\com\fasterxml\jackson\datatype\jackson-datatype-jdk8\2.10.4\jackson-datatype-jdk8-2.10.4.jar;C:\Users\tiago.ribeiro.safetycontrol.000\.m2\repository\com\fasterxml\jackson\datatype\jackson-datatype-jsr310\2.10.4\jackson-datatype-jsr310-2.10.4.jar;C:\Users\tiago.ribeiro.safetycontrol.000\.m2\repository\com\fasterxml\jackson\module\jackson-module-parameter-names\2.10.4\jackson-module-parameter-names-2.10.4.jar;C:\Users\tiago.ribeiro.safetycontrol.000\.m2\repository\org\springframework\boot\spring-boot-starter-tomcat\2.2.7.RELEASE\spring-boot-starter-tomcat-2.2.7.RELEASE.jar;C:\Users\tiago.ribeiro.safetycontrol.000\.m2\repository\org\apache\tomcat\embed\tomcat-embed-core\9.0.34\tomcat-embed-core-9.0.34.jar;C:\Users\tiago.ribeiro.safetycontrol.000\.m2\repository\org\apache\tomcat\embed\tomcat-embed-el\9.0.34\tomcat-embed-el-9.0.34.jar;C:\Users\tiago.ribeiro.safetycontrol.000\.m2\repository\org\apache\tomcat\embed\tomcat-embed-websocket\9.0.34\tomcat-embed-websocket-9.0.34.jar;C:\Users\tiago.ribeiro.safetycontrol.000\.m2\repository\org\springframework\boot\spring-boot-starter-validation\2.2.7.RELEASE\spring-boot-starter-validation-2.2.7.RELEASE.jar;C:\Users\tiago.ribeiro.safetycontrol.000\.m2\repository\jakarta\validation\jakarta.validation-api\2.0.2\jakarta.validation-api-2.0.2.jar;C:\Users\tiago.ribeiro.safetycontrol.000\.m2\repository\org\hibernate\validator\hibernate-validator\6.0.19.Final\hibernate-validator-6.0.19.Final.jar;C:\Users\tiago.ribeiro.safetycontrol.000\.m2\repository\jakarta\annotation\jakarta.annotation-api\1.3.5\jakarta.annotation-api-1.3.5.jar;C:\Users\tiago.ribeiro.safetycontrol.000\.m2\repository\jakarta\ws\rs\jakarta.ws.rs-api\2.1.6\jakarta.ws.rs-api-2.1.6.jar;C:\Users\tiago.ribeiro.safetycontrol.000\.m2\repository\org\springframework\spring-web\5.2.6.RELEASE\spring-web-5.2.6.RELEASE.jar;C:\Users\tiago.ribeiro.safetycontrol.000\.m2\repository\org\springframework\spring-beans\5.2.6.RELEASE\spring-beans-5.2.6.RELEASE.jar;C:\Users\tiago.ribeiro.safetycontrol.000\.m2\repository\org\glassfish\jersey\core\jersey-server\2.29.1\jersey-server-2.29.1.jar;C:\Users\tiago.ribeiro.safetycontrol.000\.m2\repository\org\glassfish\jersey\core\jersey-common\2.29.1\jersey-common-2.29.1.jar;C:\Users\tiago.ribeiro.safetycontrol.000\.m2\repository\org\glassfish\hk2\osgi-resource-locator\1.0.3\osgi-resource-locator-1.0.3.jar;C:\Users\tiago.ribeiro.safetycontrol.000\.m2\repository\org\glassfish\jersey\core\jersey-client\2.29.1\jersey-client-2.29.1.jar;C:\Users\tiago.ribeiro.safetycontrol.000\.m2\repository\org\glassfish\jersey\media\jersey-media-jaxb\2.29.1\jersey-media-jaxb-2.29.1.jar;C:\Users\tiago.ribeiro.safetycontrol.000\.m2\repository\org\glassfish\hk2\external\jakarta.inject\2.6.1\jakarta.inject-2.6.1.jar;C:\Users\tiago.ribeiro.safetycontrol.000\.m2\repository\org\glassfish\jersey\containers\jersey-container-servlet-core\2.29.1\jersey-container-servlet-core-2.29.1.jar;C:\Users\tiago.ribeiro.safetycontrol.000\.m2\repository\org\glassfish\jersey\containers\jersey-container-servlet\2.29.1\jersey-container-servlet-2.29.1.jar;C:\Users\tiago.ribeiro.safetycontrol.000\.m2\repository\org\glassfish\jersey\ext\jersey-bean-validation\2.29.1\jersey-bean-validation-2.29.1.jar;C:\Users\tiago.ribeiro.safetycontrol.000\.m2\repository\org\glassfish\jersey\ext\jersey-spring5\2.29.1\jersey-spring5-2.29.1.jar;C:\Users\tiago.ribeiro.safetycontrol.000\.m2\repository\org\glassfish\jersey\inject\jersey-hk2\2.29.1\jersey-hk2-2.29.1.jar;C:\Users\tiago.ribeiro.safetycontrol.000\.m2\repository\org\glassfish\hk2\hk2-locator\2.6.1\hk2-locator-2.6.1.jar;C:\Users\tiago.ribeiro.safetycontrol.000\.m2\repository\org\glassfish\hk2\external\aopalliance-repackaged\2.6.1\aopalliance-repackaged-2.6.1.jar;C:\Users\tiago.ribeiro.safetycontrol.000\.m2\repository\org\glassfish\hk2\hk2\2.6.1\hk2-2.6.1.jar;C:\Users\tiago.ribeiro.safetycontrol.000\.m2\repository\org\glassfish\hk2\hk2-utils\2.6.1\hk2-utils-2.6.1.jar;C:\Users\tiago.ribeiro.safetycontrol.000\.m2\repository\org\glassfish\hk2\hk2-api\2.6.1\hk2-api-2.6.1.jar;C:\Users\tiago.ribeiro.safetycontrol.000\.m2\repository\org\glassfish\hk2\hk2-core\2.6.1\hk2-core-2.6.1.jar;C:\Users\tiago.ribeiro.safetycontrol.000\.m2\repository\org\glassfish\hk2\hk2-runlevel\2.6.1\hk2-runlevel-2.6.1.jar;C:\Users\tiago.ribeiro.safetycontrol.000\.m2\repository\org\glassfish\hk2\class-model\2.6.1\class-model-2.6.1.jar;C:\Users\tiago.ribeiro.safetycontrol.000\.m2\repository\org\ow2\asm\asm\7.1\asm-7.1.jar;C:\Users\tiago.ribeiro.safetycontrol.000\.m2\repository\org\ow2\asm\asm-analysis\7.1\asm-analysis-7.1.jar;C:\Users\tiago.ribeiro.safetycontrol.000\.m2\repository\org\ow2\asm\asm-commons\7.1\asm-commons-7.1.jar;C:\Users\tiago.ribeiro.safetycontrol.000\.m2\repository\org\ow2\asm\asm-tree\7.1\asm-tree-7.1.jar;C:\Users\tiago.ribeiro.safetycontrol.000\.m2\repository\org\ow2\asm\asm-util\7.1\asm-util-7.1.jar;C:\Users\tiago.ribeiro.safetycontrol.000\.m2\repository\org\glassfish\hk2\spring-bridge\2.6.1\spring-bridge-2.6.1.jar;C:\Users\tiago.ribeiro.safetycontrol.000\.m2\repository\org\springframework\spring-aop\5.2.6.RELEASE\spring-aop-5.2.6.RELEASE.jar;C:\Users\tiago.ribeiro.safetycontrol.000\.m2\repository\org\glassfish\jersey\media\jersey-media-json-jackson\2.29.1\jersey-media-json-jackson-2.29.1.jar;C:\Users\tiago.ribeiro.safetycontrol.000\.m2\repository\org\glassfish\jersey\ext\jersey-entity-filtering\2.29.1\jersey-entity-filtering-2.29.1.jar;C:\Users\tiago.ribeiro.safetycontrol.000\.m2\repository\com\fasterxml\jackson\core\jackson-annotations\2.10.4\jackson-annotations-2.10.4.jar;C:\Users\tiago.ribeiro.safetycontrol.000\.m2\repository\com\fasterxml\jackson\module\jackson-module-jaxb-annotations\2.10.4\jackson-module-jaxb-annotations-2.10.4.jar;C:\Users\tiago.ribeiro.safetycontrol.000\.m2\repository\jakarta\xml\bind\jakarta.xml.bind-api\2.3.3\jakarta.xml.bind-api-2.3.3.jar;C:\Users\tiago.ribeiro.safetycontrol.000\.m2\repository\jakarta\activation\jakarta.activation-api\1.2.2\jakarta.activation-api-1.2.2.jar;C:\Users\tiago.ribeiro.safetycontrol.000\.m2\repository\org\springframework\boot\spring-boot-starter-web\2.2.7.RELEASE\spring-boot-starter-web-2.2.7.RELEASE.jar;C:\Users\tiago.ribeiro.safetycontrol.000\.m2\repository\org\springframework\boot\spring-boot-starter\2.2.7.RELEASE\spring-boot-starter-2.2.7.RELEASE.jar;C:\Users\tiago.ribeiro.safetycontrol.000\.m2\repository\org\springframework\boot\spring-boot\2.2.7.RELEASE\spring-boot-2.2.7.RELEASE.jar;C:\Users\tiago.ribeiro.safetycontrol.000\.m2\repository\org\springframework\boot\spring-boot-autoconfigure\2.2.7.RELEASE\spring-boot-autoconfigure-2.2.7.RELEASE.jar;C:\Users\tiago.ribeiro.safetycontrol.000\.m2\repository\org\springframework\boot\spring-boot-starter-logging\2.2.7.RELEASE\spring-boot-starter-logging-2.2.7.RELEASE.jar;C:\Users\tiago.ribeiro.safetycontrol.000\.m2\repository\ch\qos\logback\logback-classic\1.2.3\logback-classic-1.2.3.jar;C:\Users\tiago.ribeiro.safetycontrol.000\.m2\repository\ch\qos\logback\logback-core\1.2.3\logback-core-1.2.3.jar;C:\Users\tiago.ribeiro.safetycontrol.000\.m2\repository\org\apache\logging\log4j\log4j-to-slf4j\2.12.1\log4j-to-slf4j-2.12.1.jar;C:\Users\tiago.ribeiro.safetycontrol.000\.m2\repository\org\apache\logging\log4j\log4j-api\2.12.1\log4j-api-2.12.1.jar;C:\Users\tiago.ribeiro.safetycontrol.000\.m2\repository\org\slf4j\jul-to-slf4j\1.7.30\jul-to-slf4j-1.7.30.jar;C:\Users\tiago.ribeiro.safetycontrol.000\.m2\repository\org\yaml\snakeyaml\1.25\snakeyaml-1.25.jar;C:\Users\tiago.ribeiro.safetycontrol.000\.m2\repository\org\springframework\spring-webmvc\5.2.6.RELEASE\spring-webmvc-5.2.6.RELEASE.jar;C:\Users\tiago.ribeiro.safetycontrol.000\.m2\repository\org\springframework\spring-context\5.2.6.RELEASE\spring-context-5.2.6.RELEASE.jar;C:\Users\tiago.ribeiro.safetycontrol.000\.m2\repository\org\springframework\spring-expression\5.2.6.RELEASE\spring-expression-5.2.6.RELEASE.jar;C:\Users\tiago.ribeiro.safetycontrol.000\.m2\repository\org\springframework\boot\spring-boot-starter-web-services\2.2.7.RELEASE\spring-boot-starter-web-services-2.2.7.RELEASE.jar;C:\Users\tiago.ribeiro.safetycontrol.000\.m2\repository\com\sun\xml\messaging\saaj\saaj-impl\1.5.2\saaj-impl-1.5.2.jar;C:\Users\tiago.ribeiro.safetycontrol.000\.m2\repository\jakarta\xml\soap\jakarta.xml.soap-api\1.4.2\jakarta.xml.soap-api-1.4.2.jar;C:\Users\tiago.ribeiro.safetycontrol.000\.m2\repository\org\jvnet\staxex\stax-ex\1.8.3\stax-ex-1.8.3.jar;C:\Users\tiago.ribeiro.safetycontrol.000\.m2\repository\com\sun\activation\jakarta.activation\1.2.2\jakarta.activation-1.2.2.jar;C:\Users\tiago.ribeiro.safetycontrol.000\.m2\repository\jakarta\xml\ws\jakarta.xml.ws-api\2.3.3\jakarta.xml.ws-api-2.3.3.jar;C:\Users\tiago.ribeiro.safetycontrol.000\.m2\repository\jakarta\jws\jakarta.jws-api\2.1.0\jakarta.jws-api-2.1.0.jar;C:\Users\tiago.ribeiro.safetycontrol.000\.m2\repository\org\springframework\spring-oxm\5.2.6.RELEASE\spring-oxm-5.2.6.RELEASE.jar;C:\Users\tiago.ribeiro.safetycontrol.000\.m2\repository\org\springframework\ws\spring-ws-core\3.0.9.RELEASE\spring-ws-core-3.0.9.RELEASE.jar;C:\Users\tiago.ribeiro.safetycontrol.000\.m2\repository\org\springframework\ws\spring-xml\3.0.9.RELEASE\spring-xml-3.0.9.RELEASE.jar;C:\Users\tiago.ribeiro.safetycontrol.000\.m2\repository\org\springframework\boot\spring-boot-starter-test\2.2.7.RELEASE\spring-boot-starter-test-2.2.7.RELEASE.jar;C:\Users\tiago.ribeiro.safetycontrol.000\.m2\repository\org\springframework\boot\spring-boot-test\2.2.7.RELEASE\spring-boot-test-2.2.7.RELEASE.jar;C:\Users\tiago.ribeiro.safetycontrol.000\.m2\repository\org\springframework\boot\spring-boot-test-autoconfigure\2.2.7.RELEASE\spring-boot-test-autoconfigure-2.2.7.RELEASE.jar;C:\Users\tiago.ribeiro.safetycontrol.000\.m2\repository\com\jayway\jsonpath\json-path\2.4.0\json-path-2.4.0.jar;C:\Users\tiago.ribeiro.safetycontrol.000\.m2\repository\net\minidev\json-smart\2.3\json-smart-2.3.jar;C:\Users\tiago.ribeiro.safetycontrol.000\.m2\repository\net\minidev\accessors-smart\1.2\accessors-smart-1.2.jar;C:\Users\tiago.ribeiro.safetycontrol.000\.m2\repository\org\slf4j\slf4j-api\1.7.30\slf4j-api-1.7.30.jar;C:\Users\tiago.ribeiro.safetycontrol.000\.m2\repository\org\junit\jupiter\junit-jupiter\5.5.2\junit-jupiter-5.5.2.jar;C:\Users\tiago.ribeiro.safetycontrol.000\.m2\repository\org\junit\jupiter\junit-jupiter-api\5.5.2\junit-jupiter-api-5.5.2.jar;C:\Users\tiago.ribeiro.safetycontrol.000\.m2\repository\org\apiguardian\apiguardian-api\1.1.0\apiguardian-api-1.1.0.jar;C:\Users\tiago.ribeiro.safetycontrol.000\.m2\repository\org\opentest4j\opentest4j\1.2.0\opentest4j-1.2.0.jar;C:\Users\tiago.ribeiro.safetycontrol.000\.m2\repository\org\junit\platform\junit-platform-commons\1.5.2\junit-platform-commons-1.5.2.jar;C:\Users\tiago.ribeiro.safetycontrol.000\.m2\repository\org\junit\jupiter\junit-jupiter-params\5.5.2\junit-jupiter-params-5.5.2.jar;C:\Users\tiago.ribeiro.safetycontrol.000\.m2\repository\org\junit\jupiter\junit-jupiter-engine\5.5.2\junit-jupiter-engine-5.5.2.jar;C:\Users\tiago.ribeiro.safetycontrol.000\.m2\repository\org\junit\platform\junit-platform-engine\1.5.2\junit-platform-engine-1.5.2.jar;C:\Users\tiago.ribeiro.safetycontrol.000\.m2\repository\org\mockito\mockito-junit-jupiter\3.1.0\mockito-junit-jupiter-3.1.0.jar;C:\Users\tiago.ribeiro.safetycontrol.000\.m2\repository\org\assertj\assertj-core\3.13.2\assertj-core-3.13.2.jar;C:\Users\tiago.ribeiro.safetycontrol.000\.m2\repository\org\hamcrest\hamcrest\2.1\hamcrest-2.1.jar;C:\Users\tiago.ribeiro.safetycontrol.000\.m2\repository\org\mockito\mockito-core\3.1.0\mockito-core-3.1.0.jar;C:\Users\tiago.ribeiro.safetycontrol.000\.m2\repository\net\bytebuddy\byte-buddy\1.10.10\byte-buddy-1.10.10.jar;C:\Users\tiago.ribeiro.safetycontrol.000\.m2\repository\net\bytebuddy\byte-buddy-agent\1.10.10\byte-buddy-agent-1.10.10.jar;C:\Users\tiago.ribeiro.safetycontrol.000\.m2\repository\org\objenesis\objenesis\2.6\objenesis-2.6.jar;C:\Users\tiago.ribeiro.safetycontrol.000\.m2\repository\org\skyscreamer\jsonassert\1.5.0\jsonassert-1.5.0.jar;C:\Users\tiago.ribeiro.safetycontrol.000\.m2\repository\com\vaadin\external\google\android-json\0.0.20131108.vaadin1\android-json-0.0.20131108.vaadin1.jar;C:\Users\tiago.ribeiro.safetycontrol.000\.m2\repository\org\springframework\spring-core\5.2.6.RELEASE\spring-core-5.2.6.RELEASE.jar;C:\Users\tiago.ribeiro.safetycontrol.000\.m2\repository\org\springframework\spring-jcl\5.2.6.RELEASE\spring-jcl-5.2.6.RELEASE.jar;C:\Users\tiago.ribeiro.safetycontrol.000\.m2\repository\org\springframework\spring-test\5.2.6.RELEASE\spring-test-5.2.6.RELEASE.jar;C:\Users\tiago.ribeiro.safetycontrol.000\.m2\repository\org\xmlunit\xmlunit-core\2.6.4\xmlunit-core-2.6.4.jar;C:\Users\tiago.ribeiro.safetycontrol.000\.m2\repository\org\springframework\boot\spring-boot-starter-data-jpa\2.2.7.RELEASE\spring-boot-starter-data-jpa-2.2.7.RELEASE.jar;C:\Users\tiago.ribeiro.safetycontrol.000\.m2\repository\org\springframework\boot\spring-boot-starter-aop\2.2.7.RELEASE\spring-boot-starter-aop-2.2.7.RELEASE.jar;C:\Users\tiago.ribeiro.safetycontrol.000\.m2\repository\org\aspectj\aspectjweaver\1.9.5\aspectjweaver-1.9.5.jar;C:\Users\tiago.ribeiro.safetycontrol.000\.m2\repository\org\springframework\boot\spring-boot-starter-jdbc\2.2.7.RELEASE\spring-boot-starter-jdbc-2.2.7.RELEASE.jar;C:\Users\tiago.ribeiro.safetycontrol.000\.m2\repository\com\zaxxer\HikariCP\3.4.3\HikariCP-3.4.3.jar;C:\Users\tiago.ribeiro.safetycontrol.000\.m2\repository\org\springframework\spring-jdbc\5.2.6.RELEASE\spring-jdbc-5.2.6.RELEASE.jar;C:\Users\tiago.ribeiro.safetycontrol.000\.m2\repository\jakarta\persistence\jakarta.persistence-api\2.2.3\jakarta.persistence-api-2.2.3.jar;C:\Users\tiago.ribeiro.safetycontrol.000\.m2\repository\jakarta\transaction\jakarta.transaction-api\1.3.3\jakarta.transaction-api-1.3.3.jar;C:\Users\tiago.ribeiro.safetycontrol.000\.m2\repository\org\hibernate\hibernate-core\5.4.15.Final\hibernate-core-5.4.15.Final.jar;C:\Users\tiago.ribeiro.safetycontrol.000\.m2\repository\org\jboss\logging\jboss-logging\3.4.1.Final\jboss-logging-3.4.1.Final.jar;C:\Users\tiago.ribeiro.safetycontrol.000\.m2\repository\org\javassist\javassist\3.24.0-GA\javassist-3.24.0-GA.jar;C:\Users\tiago.ribeiro.safetycontrol.000\.m2\repository\antlr\antlr\2.7.7\antlr-2.7.7.jar;C:\Users\tiago.ribeiro.safetycontrol.000\.m2\repository\org\jboss\jandex\2.1.3.Final\jandex-2.1.3.Final.jar;C:\Users\tiago.ribeiro.safetycontrol.000\.m2\repository\com\fasterxml\classmate\1.5.1\classmate-1.5.1.jar;C:\Users\tiago.ribeiro.safetycontrol.000\.m2\repository\org\dom4j\dom4j\2.1.3\dom4j-2.1.3.jar;C:\Users\tiago.ribeiro.safetycontrol.000\.m2\repository\org\hibernate\common\hibernate-commons-annotations\5.1.0.Final\hibernate-commons-annotations-5.1.0.Final.jar;C:\Users\tiago.ribeiro.safetycontrol.000\.m2\repository\org\glassfish\jaxb\jaxb-runtime\2.3.3\jaxb-runtime-2.3.3.jar;C:\Users\tiago.ribeiro.safetycontrol.000\.m2\repository\org\glassfish\jaxb\txw2\2.3.3\txw2-2.3.3.jar;C:\Users\tiago.ribeiro.safetycontrol.000\.m2\repository\com\sun\istack\istack-commons-runtime\3.0.11\istack-commons-runtime-3.0.11.jar;C:\Users\tiago.ribeiro.safetycontrol.000\.m2\repository\org\springframework\data\spring-data-jpa\2.2.7.RELEASE\spring-data-jpa-2.2.7.RELEASE.jar;C:\Users\tiago.ribeiro.safetycontrol.000\.m2\repository\org\springframework\data\spring-data-commons\2.2.7.RELEASE\spring-data-commons-2.2.7.RELEASE.jar;C:\Users\tiago.ribeiro.safetycontrol.000\.m2\repository\org\springframework\spring-orm\5.2.6.RELEASE\spring-orm-5.2.6.RELEASE.jar;C:\Users\tiago.ribeiro.safetycontrol.000\.m2\repository\org\springframework\spring-tx\5.2.6.RELEASE\spring-tx-5.2.6.RELEASE.jar;C:\Users\tiago.ribeiro.safetycontrol.000\.m2\repository\org\springframework\spring-aspects\5.2.6.RELEASE\spring-aspects-5.2.6.RELEASE.jar;C:\Users\tiago.ribeiro.safetycontrol.000\.m2\repository\com\h2database\h2\1.4.200\h2-1.4.200.jar;"/>
    <property name="sun.cpu.endian" value="little"/>
    <property name="user.home" value="C:\Users\tiago.ribeiro.safetycontrol.000"/>
    <property name="user.language" value="pt"/>
    <property name="java.specification.vendor" value="Oracle Corporation"/>
    <property name="java.home" value="C:\Program Files\Java\jdk1.8.0_111\jre"/>
    <property name="basedir" value="C:\Users\tiago.ribeiro.safetycontrol.000\eclipse-workspace\teste-cinq-spring-rest"/>
    <property name="file.separator" value="\"/>
    <property name="line.separator" value="&#10;"/>
    <property name="java.vm.specification.vendor" value="Oracle Corporation"/>
    <property name="java.specification.name" value="Java Platform API Specification"/>
    <property name="java.awt.graphicsenv" value="sun.awt.Win32GraphicsEnvironment"/>
    <property name="surefire.real.class.path" value="C:\Users\TIAGOR~1.000\AppData\Local\Temp\surefire3747901216691094516\surefirebooter8535375000908501547.jar"/>
    <property name="sun.boot.class.path" value="C:\Program Files\Java\jdk1.8.0_111\jre\lib\resources.jar;C:\Program Files\Java\jdk1.8.0_111\jre\lib\rt.jar;C:\Program Files\Java\jdk1.8.0_111\jre\lib\sunrsasign.jar;C:\Program Files\Java\jdk1.8.0_111\jre\lib\jsse.jar;C:\Program Files\Java\jdk1.8.0_111\jre\lib\jce.jar;C:\Program Files\Java\jdk1.8.0_111\jre\lib\charsets.jar;C:\Program Files\Java\jdk1.8.0_111\jre\lib\jfr.jar;C:\Program Files\Java\jdk1.8.0_111\jre\classes"/>
    <property name="user.script" value=""/>
    <property name="sun.management.compiler" value="HotSpot 64-Bit Tiered Compilers"/>
    <property name="java.runtime.version" value="1.8.0_111-b14"/>
    <property name="user.name" value="tiago.ribeiro"/>
    <property name="path.separator" value=";"/>
    <property name="os.version" value="10.0"/>
    <property name="java.endorsed.dirs" value="C:\Program Files\Java\jdk1.8.0_111\jre\lib\endorsed"/>
    <property name="java.runtime.name" value="Java(TM) SE Runtime Environment"/>
    <property name="file.encoding" value="Cp1252"/>
    <property name="java.vm.name" value="Java HotSpot(TM) 64-Bit Server VM"/>
    <property name="localRepository" value="C:\Users\tiago.ribeiro.safetycontrol.000\.m2\repository"/>
    <property name="java.vendor.url.bug" value="http://bugreport.sun.com/bugreport/"/>
    <property name="java.io.tmpdir" value="C:\Users\TIAGOR~1.000\AppData\Local\Temp\"/>
    <property name="java.version" value="1.8.0_111"/>
    <property name="user.dir" value="C:\Users\tiago.ribeiro.safetycontrol.000\eclipse-workspace\teste-cinq-spring-rest"/>
    <property name="os.arch" value="amd64"/>
    <property name="java.vm.specification.name" value="Java Virtual Machine Specification"/>
    <property name="java.awt.printerjob" value="sun.awt.windows.WPrinterJob"/>
    <property name="sun.os.patch.level" value=""/>
    <property name="java.library.path" value="C:\Program Files\Java\jdk1.8.0_111\jre\bin;C:\WINDOWS\Sun\Java\bin;C:\WINDOWS\system32;C:\WINDOWS;C:\WINDOWS\system32;C:\WINDOWS;C:\WINDOWS\System32\Wbem;C:\WINDOWS\System32\WindowsPowerShell\v1.0\;C:\WINDOWS\System32\OpenSSH\;C:\Program Files\Git\cmd;C:\Program Files\PuTTY\;C:\Program Files\MySQL\MySQL Server 5.7\bin;C:\Program Files\Java\jdk1.8.0_111\bin;C:\Program Files\Java\apache-maven-3.6.3\bin;C:\Users\tiago.ribeiro.safetycontrol.000\AppData\Local\Microsoft\WindowsApps;C:\Program Files\heroku\bin;C:\xampp\php;C:\Users\tiago.ribeiro.safetycontrol.000\AppData\Local\ComposerSetup\bin;C:\Users\tiago.ribeiro.safetycontrol.000\AppData\Roaming\Composer\vendor\bin;."/>
    <property name="java.vm.info" value="mixed mode"/>
    <property name="java.vendor" value="Oracle Corporation"/>
    <property name="java.vm.version" value="25.111-b14"/>
    <property name="java.ext.dirs" value="C:\Program Files\Java\jdk1.8.0_111\jre\lib\ext;C:\WINDOWS\Sun\Java\lib\ext"/>
    <property name="sun.io.unicode.encoding" value="UnicodeLittle"/>
    <property name="java.class.version" value="52.0"/>
  </properties>
  <testcase name="contextLoads" classname="com.laratecsys.testecinqspringrest.TesteCinqSpringRestApplicationTests" time="0.083"/>
</testsuite>