<?xml version="1.0" encoding="UTF-8"?>
<testsuite xmlns:xsi="http://www.w3.org/2001/XMLSchema-instance" xsi:noNamespaceSchemaLocation="https://maven.apache.org/surefire/maven-surefire-plugin/xsd/surefire-test-report.xsd" name="com.laratecsys.testecinqspringrest.TesteCinqSpringRestApplicationTests" time="16.565" tests="2" errors="1" skipped="0" failures="0">
  <properties>
    <property name="sun.desktop" value="windows"/>
    <property name="awt.toolkit" value="sun.awt.windows.WToolkit"/>
    <property name="file.encoding.pkg" value="sun.io"/>
    <property name="java.specification.version" value="1.8"/>
    <property name="sun.cpu.isalist" value="amd64"/>
    <property name="sun.jnu.encoding" value="Cp1252"/>
    <property name="java.class.path" value="C:\Users\tiago.ribeiro.safetycontrol.000\eclipse-workspace\teste-cinq-spring-rest\target\test-classes;C:\Users\tiago.ribeiro.safetycontrol.000\eclipse-workspace\teste-cinq-spring-rest\target\classes;C:\Users\tiago.ribeiro.safetycontrol.000\.m2\repository\org\springframework\boot\spring-boot-starter-jersey\2.2.7.RELEASE\spring-boot-starter-jersey-2.2.7.RELEASE.jar;C:\Users\tiago.ribeiro.safetycontrol.000\.m2\repository\org\springframework\boot\spring-boot-starter-json\2.2.7.RELEASE\spring-boot-starter-json-2.2.7.RELEASE.jar;C:\Users\tiago.ribeiro.safetycontrol.000\.m2\repository\com\fasterxml\jackson\core\jackson-databind\2.10.4\jackson-databind-2.10.4.jar;C:\Users\tiago.ribeiro.safetycontrol.000\.m2\repository\com\fasterxml\jackson\core\jackson-core\2.10.4\jackson-core-2.10.4.jar;C:\Users\tiago.ribeiro.safetycontrol.000\.m2\repository\com\fasterxml\jackson\datatype\jackson-datatype-jdk8\2.10.4\jackson-datatype-jdk8-2.10.4.jar;C:\Users\tiago.ribeiro.safetycontrol.000\.m2\repository\com\fasterxml\jackson\datatype\jackson-datatype-jsr310\2.10.4\jackson-datatype-jsr310-2.10.4.jar;C:\Users\tiago.ribeiro.safetycontrol.000\.m2\repository\com\fasterxml\jackson\module\jackson-module-parameter-names\2.10.4\jackson-module-parameter-names-2.10.4.jar;C:\Users\tiago.ribeiro.safetycontrol.000\.m2\repository\org\springframework\boot\spring-boot-starter-tomcat\2.2.7.RELEASE\spring-boot-starter-tomcat-2.2.7.RELEASE.jar;C:\Users\tiago.ribeiro.safetycontrol.000\.m2\repository\org\apache\tomcat\embed\tomcat-embed-core\9.0.34\tomcat-embed-core-9.0.34.jar;C:\Users\tiago.ribeiro.safetycontrol.000\.m2\repository\org\apache\tomcat\embed\tomcat-embed-el\9.0.34\tomcat-embed-el-9.0.34.jar;C:\Users\tiago.ribeiro.safetycontrol.000\.m2\repository\org\apache\tomcat\embed\tomcat-embed-websocket\9.0.34\tomcat-embed-websocket-9.0.34.jar;C:\Users\tiago.ribeiro.safetycontrol.000\.m2\repository\org\springframework\boot\spring-boot-starter-validation\2.2.7.RELEASE\spring-boot-starter-validation-2.2.7.RELEASE.jar;C:\Users\tiago.ribeiro.safetycontrol.000\.m2\repository\jakarta\validation\jakarta.validation-api\2.0.2\jakarta.validation-api-2.0.2.jar;C:\Users\tiago.ribeiro.safetycontrol.000\.m2\repository\org\hibernate\validator\hibernate-validator\6.0.19.Final\hibernate-validator-6.0.19.Final.jar;C:\Users\tiago.ribeiro.safetycontrol.000\.m2\repository\jakarta\annotation\jakarta.annotation-api\1.3.5\jakarta.annotation-api-1.3.5.jar;C:\Users\tiago.ribeiro.safetycontrol.000\.m2\repository\jakarta\ws\rs\jakarta.ws.rs-api\2.1.6\jakarta.ws.rs-api-2.1.6.jar;C:\Users\tiago.ribeiro.safetycontrol.000\.m2\repository\org\springframework\spring-web\5.2.6.RELEASE\spring-web-5.2.6.RELEASE.jar;C:\Users\tiago.ribeiro.safetycontrol.000\.m2\repository\org\springframework\spring-beans\5.2.6.RELEASE\spring-beans-5.2.6.RELEASE.jar;C:\Users\tiago.ribeiro.safetycontrol.000\.m2\repository\org\glassfish\jersey\core\jersey-server\2.29.1\jersey-server-2.29.1.jar;C:\Users\tiago.ribeiro.safetycontrol.000\.m2\repository\org\glassfish\jersey\core\jersey-common\2.29.1\jersey-common-2.29.1.jar;C:\Users\tiago.ribeiro.safetycontrol.000\.m2\repository\org\glassfish\hk2\osgi-resource-locator\1.0.3\osgi-resource-locator-1.0.3.jar;C:\Users\tiago.ribeiro.safetycontrol.000\.m2\repository\org\glassfish\jersey\core\jersey-client\2.29.1\jersey-client-2.29.1.jar;C:\Users\tiago.ribeiro.safetycontrol.000\.m2\repository\org\glassfish\jersey\media\jersey-media-jaxb\2.29.1\jersey-media-jaxb-2.29.1.jar;C:\Users\tiago.ribeiro.safetycontrol.000\.m2\repository\org\glassfish\hk2\external\jakarta.inject\2.6.1\jakarta.inject-2.6.1.jar;C:\Users\tiago.ribeiro.safetycontrol.000\.m2\repository\org\glassfish\jersey\containers\jersey-container-servlet-core\2.29.1\jersey-container-servlet-core-2.29.1.jar;C:\Users\tiago.ribeiro.safetycontrol.000\.m2\repository\org\glassfish\jersey\containers\jersey-container-servlet\2.29.1\jersey-container-servlet-2.29.1.jar;C:\Users\tiago.ribeiro.safetycontrol.000\.m2\repository\org\glassfish\jersey\ext\jersey-bean-validation\2.29.1\jersey-bean-validation-2.29.1.jar;C:\Users\tiago.ribeiro.safetycontrol.000\.m2\repository\org\glassfish\jersey\ext\jersey-spring5\2.29.1\jersey-spring5-2.29.1.jar;C:\Users\tiago.ribeiro.safetycontrol.000\.m2\repository\org\glassfish\jersey\inject\jersey-hk2\2.29.1\jersey-hk2-2.29.1.jar;C:\Users\tiago.ribeiro.safetycontrol.000\.m2\repository\org\glassfish\hk2\hk2-locator\2.6.1\hk2-locator-2.6.1.jar;C:\Users\tiago.ribeiro.safetycontrol.000\.m2\repository\org\glassfish\hk2\external\aopalliance-repackaged\2.6.1\aopalliance-repackaged-2.6.1.jar;C:\Users\tiago.ribeiro.safetycontrol.000\.m2\repository\org\glassfish\hk2\hk2\2.6.1\hk2-2.6.1.jar;C:\Users\tiago.ribeiro.safetycontrol.000\.m2\repository\org\glassfish\hk2\hk2-utils\2.6.1\hk2-utils-2.6.1.jar;C:\Users\tiago.ribeiro.safetycontrol.000\.m2\repository\org\glassfish\hk2\hk2-api\2.6.1\hk2-api-2.6.1.jar;C:\Users\tiago.ribeiro.safetycontrol.000\.m2\repository\org\glassfish\hk2\hk2-core\2.6.1\hk2-core-2.6.1.jar;C:\Users\tiago.ribeiro.safetycontrol.000\.m2\repository\org\glassfish\hk2\hk2-runlevel\2.6.1\hk2-runlevel-2.6.1.jar;C:\Users\tiago.ribeiro.safetycontrol.000\.m2\repository\org\glassfish\hk2\class-model\2.6.1\class-model-2.6.1.jar;C:\Users\tiago.ribeiro.safetycontrol.000\.m2\repository\org\ow2\asm\asm\7.1\asm-7.1.jar;C:\Users\tiago.ribeiro.safetycontrol.000\.m2\repository\org\ow2\asm\asm-analysis\7.1\asm-analysis-7.1.jar;C:\Users\tiago.ribeiro.safetycontrol.000\.m2\repository\org\ow2\asm\asm-commons\7.1\asm-commons-7.1.jar;C:\Users\tiago.ribeiro.safetycontrol.000\.m2\repository\org\ow2\asm\asm-tree\7.1\asm-tree-7.1.jar;C:\Users\tiago.ribeiro.safetycontrol.000\.m2\repository\org\ow2\asm\asm-util\7.1\asm-util-7.1.jar;C:\Users\tiago.ribeiro.safetycontrol.000\.m2\repository\org\glassfish\hk2\spring-bridge\2.6.1\spring-bridge-2.6.1.jar;C:\Users\tiago.ribeiro.safetycontrol.000\.m2\repository\org\springframework\spring-aop\5.2.6.RELEASE\spring-aop-5.2.6.RELEASE.jar;C:\Users\tiago.ribeiro.safetycontrol.000\.m2\repository\org\glassfish\jersey\media\jersey-media-json-jackson\2.29.1\jersey-media-json-jackson-2.29.1.jar;C:\Users\tiago.ribeiro.safetycontrol.000\.m2\repository\org\glassfish\jersey\ext\jersey-entity-filtering\2.29.1\jersey-entity-filtering-2.29.1.jar;C:\Users\tiago.ribeiro.safetycontrol.000\.m2\repository\com\fasterxml\jackson\core\jackson-annotations\2.10.4\jackson-annotations-2.10.4.jar;C:\Users\tiago.ribeiro.safetycontrol.000\.m2\repository\com\fasterxml\jackson\module\jackson-module-jaxb-annotations\2.10.4\jackson-module-jaxb-annotations-2.10.4.jar;C:\Users\tiago.ribeiro.safetycontrol.000\.m2\repository\jakarta\xml\bind\jakarta.xml.bind-api\2.3.3\jakarta.xml.bind-api-2.3.3.jar;C:\Users\tiago.ribeiro.safetycontrol.000\.m2\repository\jakarta\activation\jakarta.activation-api\1.2.2\jakarta.activation-api-1.2.2.jar;C:\Users\tiago.ribeiro.safetycontrol.000\.m2\repository\org\springframework\boot\spring-boot-starter-web\2.2.7.RELEASE\spring-boot-starter-web-2.2.7.RELEASE.jar;C:\Users\tiago.ribeiro.safetycontrol.000\.m2\repository\org\springframework\boot\spring-boot-starter\2.2.7.RELEASE\spring-boot-starter-2.2.7.RELEASE.jar;C:\Users\tiago.ribeiro.safetycontrol.000\.m2\repository\org\springframework\boot\spring-boot\2.2.7.RELEASE\spring-boot-2.2.7.RELEASE.jar;C:\Users\tiago.ribeiro.safetycontrol.000\.m2\repository\org\springframework\boot\spring-boot-autoconfigure\2.2.7.RELEASE\spring-boot-autoconfigure-2.2.7.RELEASE.jar;C:\Users\tiago.ribeiro.safetycontrol.000\.m2\repository\org\springframework\boot\spring-boot-starter-logging\2.2.7.RELEASE\spring-boot-starter-logging-2.2.7.RELEASE.jar;C:\Users\tiago.ribeiro.safetycontrol.000\.m2\repository\ch\qos\logback\logback-classic\1.2.3\logback-classic-1.2.3.jar;C:\Users\tiago.ribeiro.safetycontrol.000\.m2\repository\ch\qos\logback\logback-core\1.2.3\logback-core-1.2.3.jar;C:\Users\tiago.ribeiro.safetycontrol.000\.m2\repository\org\apache\logging\log4j\log4j-to-slf4j\2.12.1\log4j-to-slf4j-2.12.1.jar;C:\Users\tiago.ribeiro.safetycontrol.000\.m2\repository\org\apache\logging\log4j\log4j-api\2.12.1\log4j-api-2.12.1.jar;C:\Users\tiago.ribeiro.safetycontrol.000\.m2\repository\org\slf4j\jul-to-slf4j\1.7.30\jul-to-slf4j-1.7.30.jar;C:\Users\tiago.ribeiro.safetycontrol.000\.m2\repository\org\yaml\snakeyaml\1.25\snakeyaml-1.25.jar;C:\Users\tiago.ribeiro.safetycontrol.000\.m2\repository\org\springframework\spring-webmvc\5.2.6.RELEASE\spring-webmvc-5.2.6.RELEASE.jar;C:\Users\tiago.ribeiro.safetycontrol.000\.m2\repository\org\springframework\spring-context\5.2.6.RELEASE\spring-context-5.2.6.RELEASE.jar;C:\Users\tiago.ribeiro.safetycontrol.000\.m2\repository\org\springframework\spring-expression\5.2.6.RELEASE\spring-expression-5.2.6.RELEASE.jar;C:\Users\tiago.ribeiro.safetycontrol.000\.m2\repository\org\springframework\boot\spring-boot-starter-web-services\2.2.7.RELEASE\spring-boot-starter-web-services-2.2.7.RELEASE.jar;C:\Users\tiago.ribeiro.safetycontrol.000\.m2\repository\com\sun\xml\messaging\saaj\saaj-impl\1.5.2\saaj-impl-1.5.2.jar;C:\Users\tiago.ribeiro.safetycontrol.000\.m2\repository\jakarta\xml\soap\jakarta.xml.soap-api\1.4.2\jakarta.xml.soap-api-1.4.2.jar;C:\Users\tiago.ribeiro.safetycontrol.000\.m2\repository\org\jvnet\staxex\stax-ex\1.8.3\stax-ex-1.8.3.jar;C:\Users\tiago.ribeiro.safetycontrol.000\.m2\repository\com\sun\activation\jakarta.activation\1.2.2\jakarta.activation-1.2.2.jar;C:\Users\tiago.ribeiro.safetycontrol.000\.m2\repository\jakarta\xml\ws\jakarta.xml.ws-api\2.3.3\jakarta.xml.ws-api-2.3.3.jar;C:\Users\tiago.ribeiro.safetycontrol.000\.m2\repository\jakarta\jws\jakarta.jws-api\2.1.0\jakarta.jws-api-2.1.0.jar;C:\Users\tiago.ribeiro.safetycontrol.000\.m2\repository\org\springframework\spring-oxm\5.2.6.RELEASE\spring-oxm-5.2.6.RELEASE.jar;C:\Users\tiago.ribeiro.safetycontrol.000\.m2\repository\org\springframework\ws\spring-ws-core\3.0.9.RELEASE\spring-ws-core-3.0.9.RELEASE.jar;C:\Users\tiago.ribeiro.safetycontrol.000\.m2\repository\org\springframework\ws\spring-xml\3.0.9.RELEASE\spring-xml-3.0.9.RELEASE.jar;C:\Users\tiago.ribeiro.safetycontrol.000\.m2\repository\org\springframework\boot\spring-boot-starter-test\2.2.7.RELEASE\spring-boot-starter-test-2.2.7.RELEASE.jar;C:\Users\tiago.ribeiro.safetycontrol.000\.m2\repository\org\springframework\boot\spring-boot-test\2.2.7.RELEASE\spring-boot-test-2.2.7.RELEASE.jar;C:\Users\tiago.ribeiro.safetycontrol.000\.m2\repository\org\springframework\boot\spring-boot-test-autoconfigure\2.2.7.RELEASE\spring-boot-test-autoconfigure-2.2.7.RELEASE.jar;C:\Users\tiago.ribeiro.safetycontrol.000\.m2\repository\com\jayway\jsonpath\json-path\2.4.0\json-path-2.4.0.jar;C:\Users\tiago.ribeiro.safetycontrol.000\.m2\repository\net\minidev\json-smart\2.3\json-smart-2.3.jar;C:\Users\tiago.ribeiro.safetycontrol.000\.m2\repository\net\minidev\accessors-smart\1.2\accessors-smart-1.2.jar;C:\Users\tiago.ribeiro.safetycontrol.000\.m2\repository\org\slf4j\slf4j-api\1.7.30\slf4j-api-1.7.30.jar;C:\Users\tiago.ribeiro.safetycontrol.000\.m2\repository\org\junit\jupiter\junit-jupiter\5.5.2\junit-jupiter-5.5.2.jar;C:\Users\tiago.ribeiro.safetycontrol.000\.m2\repository\org\junit\jupiter\junit-jupiter-api\5.5.2\junit-jupiter-api-5.5.2.jar;C:\Users\tiago.ribeiro.safetycontrol.000\.m2\repository\org\apiguardian\apiguardian-api\1.1.0\apiguardian-api-1.1.0.jar;C:\Users\tiago.ribeiro.safetycontrol.000\.m2\repository\org\opentest4j\opentest4j\1.2.0\opentest4j-1.2.0.jar;C:\Users\tiago.ribeiro.safetycontrol.000\.m2\repository\org\junit\platform\junit-platform-commons\1.5.2\junit-platform-commons-1.5.2.jar;C:\Users\tiago.ribeiro.safetycontrol.000\.m2\repository\org\junit\jupiter\junit-jupiter-params\5.5.2\junit-jupiter-params-5.5.2.jar;C:\Users\tiago.ribeiro.safetycontrol.000\.m2\repository\org\junit\jupiter\junit-jupiter-engine\5.5.2\junit-jupiter-engine-5.5.2.jar;C:\Users\tiago.ribeiro.safetycontrol.000\.m2\repository\org\junit\platform\junit-platform-engine\1.5.2\junit-platform-engine-1.5.2.jar;C:\Users\tiago.ribeiro.safetycontrol.000\.m2\repository\org\mockito\mockito-junit-jupiter\3.1.0\mockito-junit-jupiter-3.1.0.jar;C:\Users\tiago.ribeiro.safetycontrol.000\.m2\repository\org\assertj\assertj-core\3.13.2\assertj-core-3.13.2.jar;C:\Users\tiago.ribeiro.safetycontrol.000\.m2\repository\org\hamcrest\hamcrest\2.1\hamcrest-2.1.jar;C:\Users\tiago.ribeiro.safetycontrol.000\.m2\repository\org\mockito\mockito-core\3.1.0\mockito-core-3.1.0.jar;C:\Users\tiago.ribeiro.safetycontrol.000\.m2\repository\net\bytebuddy\byte-buddy\1.10.10\byte-buddy-1.10.10.jar;C:\Users\tiago.ribeiro.safetycontrol.000\.m2\repository\net\bytebuddy\byte-buddy-agent\1.10.10\byte-buddy-agent-1.10.10.jar;C:\Users\tiago.ribeiro.safetycontrol.000\.m2\repository\org\objenesis\objenesis\2.6\objenesis-2.6.jar;C:\Users\tiago.ribeiro.safetycontrol.000\.m2\repository\org\skyscreamer\jsonassert\1.5.0\jsonassert-1.5.0.jar;C:\Users\tiago.ribeiro.safetycontrol.000\.m2\repository\com\vaadin\external\google\android-json\0.0.20131108.vaadin1\android-json-0.0.20131108.vaadin1.jar;C:\Users\tiago.ribeiro.safetycontrol.000\.m2\repository\org\springframework\spring-core\5.2.6.RELEASE\spring-core-5.2.6.RELEASE.jar;C:\Users\tiago.ribeiro.safetycontrol.000\.m2\repository\org\springframework\spring-jcl\5.2.6.RELEASE\spring-jcl-5.2.6.RELEASE.jar;C:\Users\tiago.ribeiro.safetycontrol.000\.m2\repository\org\springframework\spring-test\5.2.6.RELEASE\spring-test-5.2.6.RELEASE.jar;C:\Users\tiago.ribeiro.safetycontrol.000\.m2\repository\org\xmlunit\xmlunit-core\2.6.4\xmlunit-core-2.6.4.jar;C:\Users\tiago.ribeiro.safetycontrol.000\.m2\repository\org\springframework\boot\spring-boot-starter-data-jpa\2.2.7.RELEASE\spring-boot-starter-data-jpa-2.2.7.RELEASE.jar;C:\Users\tiago.ribeiro.safetycontrol.000\.m2\repository\org\springframework\boot\spring-boot-starter-aop\2.2.7.RELEASE\spring-boot-starter-aop-2.2.7.RELEASE.jar;C:\Users\tiago.ribeiro.safetycontrol.000\.m2\repository\org\aspectj\aspectjweaver\1.9.5\aspectjweaver-1.9.5.jar;C:\Users\tiago.ribeiro.safetycontrol.000\.m2\repository\org\springframework\boot\spring-boot-starter-jdbc\2.2.7.RELEASE\spring-boot-starter-jdbc-2.2.7.RELEASE.jar;C:\Users\tiago.ribeiro.safetycontrol.000\.m2\repository\com\zaxxer\HikariCP\3.4.3\HikariCP-3.4.3.jar;C:\Users\tiago.ribeiro.safetycontrol.000\.m2\repository\org\springframework\spring-jdbc\5.2.6.RELEASE\spring-jdbc-5.2.6.RELEASE.jar;C:\Users\tiago.ribeiro.safetycontrol.000\.m2\repository\jakarta\persistence\jakarta.persistence-api\2.2.3\jakarta.persistence-api-2.2.3.jar;C:\Users\tiago.ribeiro.safetycontrol.000\.m2\repository\jakarta\transaction\jakarta.transaction-api\1.3.3\jakarta.transaction-api-1.3.3.jar;C:\Users\tiago.ribeiro.safetycontrol.000\.m2\repository\org\hibernate\hibernate-core\5.4.15.Final\hibernate-core-5.4.15.Final.jar;C:\Users\tiago.ribeiro.safetycontrol.000\.m2\repository\org\jboss\logging\jboss-logging\3.4.1.Final\jboss-logging-3.4.1.Final.jar;C:\Users\tiago.ribeiro.safetycontrol.000\.m2\repository\org\javassist\javassist\3.24.0-GA\javassist-3.24.0-GA.jar;C:\Users\tiago.ribeiro.safetycontrol.000\.m2\repository\antlr\antlr\2.7.7\antlr-2.7.7.jar;C:\Users\tiago.ribeiro.safetycontrol.000\.m2\repository\org\jboss\jandex\2.1.3.Final\jandex-2.1.3.Final.jar;C:\Users\tiago.ribeiro.safetycontrol.000\.m2\repository\com\fasterxml\classmate\1.5.1\classmate-1.5.1.jar;C:\Users\tiago.ribeiro.safetycontrol.000\.m2\repository\org\dom4j\dom4j\2.1.3\dom4j-2.1.3.jar;C:\Users\tiago.ribeiro.safetycontrol.000\.m2\repository\org\hibernate\common\hibernate-commons-annotations\5.1.0.Final\hibernate-commons-annotations-5.1.0.Final.jar;C:\Users\tiago.ribeiro.safetycontrol.000\.m2\repository\org\glassfish\jaxb\jaxb-runtime\2.3.3\jaxb-runtime-2.3.3.jar;C:\Users\tiago.ribeiro.safetycontrol.000\.m2\repository\org\glassfish\jaxb\txw2\2.3.3\txw2-2.3.3.jar;C:\Users\tiago.ribeiro.safetycontrol.000\.m2\repository\com\sun\istack\istack-commons-runtime\3.0.11\istack-commons-runtime-3.0.11.jar;C:\Users\tiago.ribeiro.safetycontrol.000\.m2\repository\org\springframework\data\spring-data-jpa\2.2.7.RELEASE\spring-data-jpa-2.2.7.RELEASE.jar;C:\Users\tiago.ribeiro.safetycontrol.000\.m2\repository\org\springframework\data\spring-data-commons\2.2.7.RELEASE\spring-data-commons-2.2.7.RELEASE.jar;C:\Users\tiago.ribeiro.safetycontrol.000\.m2\repository\org\springframework\spring-orm\5.2.6.RELEASE\spring-orm-5.2.6.RELEASE.jar;C:\Users\tiago.ribeiro.safetycontrol.000\.m2\repository\org\springframework\spring-tx\5.2.6.RELEASE\spring-tx-5.2.6.RELEASE.jar;C:\Users\tiago.ribeiro.safetycontrol.000\.m2\repository\org\springframework\spring-aspects\5.2.6.RELEASE\spring-aspects-5.2.6.RELEASE.jar;C:\Users\tiago.ribeiro.safetycontrol.000\.m2\repository\com\h2database\h2\1.4.200\h2-1.4.200.jar;C:\Users\tiago.ribeiro.safetycontrol.000\.m2\repository\junit\junit\4.12\junit-4.12.jar;C:\Users\tiago.ribeiro.safetycontrol.000\.m2\repository\org\hamcrest\hamcrest-core\2.1\hamcrest-core-2.1.jar;"/>
    <property name="java.vm.vendor" value="Oracle Corporation"/>
    <property name="sun.arch.data.model" value="64"/>
    <property name="user.variant" value=""/>
    <property name="java.vendor.url" value="http://java.oracle.com/"/>
    <property name="user.timezone" value="America/Sao_Paulo"/>
    <property name="java.vm.specification.version" value="1.8"/>
    <property name="os.name" value="Windows 10"/>
    <property name="user.country" value="BR"/>
    <property name="sun.java.launcher" value="SUN_STANDARD"/>
    <property name="sun.boot.library.path" value="C:\Program Files\Java\jdk1.8.0_111\jre\bin"/>
    <property name="sun.java.command" value="C:\Users\TIAGOR~1.000\AppData\Local\Temp\surefire4086374071823409816\surefirebooter359538702765803608.jar C:\Users\tiago.ribeiro.safetycontrol.000\AppData\Local\Temp\surefire4086374071823409816 2020-05-10T03-11-33_258-jvmRun1 surefire849776598432576647tmp surefire_06011626687135297115tmp"/>
    <property name="surefire.test.class.path" value="C:\Users\tiago.ribeiro.safetycontrol.000\eclipse-workspace\teste-cinq-spring-rest\target\test-classes;C:\Users\tiago.ribeiro.safetycontrol.000\eclipse-workspace\teste-cinq-spring-rest\target\classes;C:\Users\tiago.ribeiro.safetycontrol.000\.m2\repository\org\springframework\boot\spring-boot-starter-jersey\2.2.7.RELEASE\spring-boot-starter-jersey-2.2.7.RELEASE.jar;C:\Users\tiago.ribeiro.safetycontrol.000\.m2\repository\org\springframework\boot\spring-boot-starter-json\2.2.7.RELEASE\spring-boot-starter-json-2.2.7.RELEASE.jar;C:\Users\tiago.ribeiro.safetycontrol.000\.m2\repository\com\fasterxml\jackson\core\jackson-databind\2.10.4\jackson-databind-2.10.4.jar;C:\Users\tiago.ribeiro.safetycontrol.000\.m2\repository\com\fasterxml\jackson\core\jackson-core\2.10.4\jackson-core-2.10.4.jar;C:\Users\tiago.ribeiro.safetycontrol.000\.m2\repository\com\fasterxml\jackson\datatype\jackson-datatype-jdk8\2.10.4\jackson-datatype-jdk8-2.10.4.jar;C:\Users\tiago.ribeiro.safetycontrol.000\.m2\repository\com\fasterxml\jackson\datatype\jackson-datatype-jsr310\2.10.4\jackson-datatype-jsr310-2.10.4.jar;C:\Users\tiago.ribeiro.safetycontrol.000\.m2\repository\com\fasterxml\jackson\module\jackson-module-parameter-names\2.10.4\jackson-module-parameter-names-2.10.4.jar;C:\Users\tiago.ribeiro.safetycontrol.000\.m2\repository\org\springframework\boot\spring-boot-starter-tomcat\2.2.7.RELEASE\spring-boot-starter-tomcat-2.2.7.RELEASE.jar;C:\Users\tiago.ribeiro.safetycontrol.000\.m2\repository\org\apache\tomcat\embed\tomcat-embed-core\9.0.34\tomcat-embed-core-9.0.34.jar;C:\Users\tiago.ribeiro.safetycontrol.000\.m2\repository\org\apache\tomcat\embed\tomcat-embed-el\9.0.34\tomcat-embed-el-9.0.34.jar;C:\Users\tiago.ribeiro.safetycontrol.000\.m2\repository\org\apache\tomcat\embed\tomcat-embed-websocket\9.0.34\tomcat-embed-websocket-9.0.34.jar;C:\Users\tiago.ribeiro.safetycontrol.000\.m2\repository\org\springframework\boot\spring-boot-starter-validation\2.2.7.RELEASE\spring-boot-starter-validation-2.2.7.RELEASE.jar;C:\Users\tiago.ribeiro.safetycontrol.000\.m2\repository\jakarta\validation\jakarta.validation-api\2.0.2\jakarta.validation-api-2.0.2.jar;C:\Users\tiago.ribeiro.safetycontrol.000\.m2\repository\org\hibernate\validator\hibernate-validator\6.0.19.Final\hibernate-validator-6.0.19.Final.jar;C:\Users\tiago.ribeiro.safetycontrol.000\.m2\repository\jakarta\annotation\jakarta.annotation-api\1.3.5\jakarta.annotation-api-1.3.5.jar;C:\Users\tiago.ribeiro.safetycontrol.000\.m2\repository\jakarta\ws\rs\jakarta.ws.rs-api\2.1.6\jakarta.ws.rs-api-2.1.6.jar;C:\Users\tiago.ribeiro.safetycontrol.000\.m2\repository\org\springframework\spring-web\5.2.6.RELEASE\spring-web-5.2.6.RELEASE.jar;C:\Users\tiago.ribeiro.safetycontrol.000\.m2\repository\org\springframework\spring-beans\5.2.6.RELEASE\spring-beans-5.2.6.RELEASE.jar;C:\Users\tiago.ribeiro.safetycontrol.000\.m2\repository\org\glassfish\jersey\core\jersey-server\2.29.1\jersey-server-2.29.1.jar;C:\Users\tiago.ribeiro.safetycontrol.000\.m2\repository\org\glassfish\jersey\core\jersey-common\2.29.1\jersey-common-2.29.1.jar;C:\Users\tiago.ribeiro.safetycontrol.000\.m2\repository\org\glassfish\hk2\osgi-resource-locator\1.0.3\osgi-resource-locator-1.0.3.jar;C:\Users\tiago.ribeiro.safetycontrol.000\.m2\repository\org\glassfish\jersey\core\jersey-client\2.29.1\jersey-client-2.29.1.jar;C:\Users\tiago.ribeiro.safetycontrol.000\.m2\repository\org\glassfish\jersey\media\jersey-media-jaxb\2.29.1\jersey-media-jaxb-2.29.1.jar;C:\Users\tiago.ribeiro.safetycontrol.000\.m2\repository\org\glassfish\hk2\external\jakarta.inject\2.6.1\jakarta.inject-2.6.1.jar;C:\Users\tiago.ribeiro.safetycontrol.000\.m2\repository\org\glassfish\jersey\containers\jersey-container-servlet-core\2.29.1\jersey-container-servlet-core-2.29.1.jar;C:\Users\tiago.ribeiro.safetycontrol.000\.m2\repository\org\glassfish\jersey\containers\jersey-container-servlet\2.29.1\jersey-container-servlet-2.29.1.jar;C:\Users\tiago.ribeiro.safetycontrol.000\.m2\repository\org\glassfish\jersey\ext\jersey-bean-validation\2.29.1\jersey-bean-validation-2.29.1.jar;C:\Users\tiago.ribeiro.safetycontrol.000\.m2\repository\org\glassfish\jersey\ext\jersey-spring5\2.29.1\jersey-spring5-2.29.1.jar;C:\Users\tiago.ribeiro.safetycontrol.000\.m2\repository\org\glassfish\jersey\inject\jersey-hk2\2.29.1\jersey-hk2-2.29.1.jar;C:\Users\tiago.ribeiro.safetycontrol.000\.m2\repository\org\glassfish\hk2\hk2-locator\2.6.1\hk2-locator-2.6.1.jar;C:\Users\tiago.ribeiro.safetycontrol.000\.m2\repository\org\glassfish\hk2\external\aopalliance-repackaged\2.6.1\aopalliance-repackaged-2.6.1.jar;C:\Users\tiago.ribeiro.safetycontrol.000\.m2\repository\org\glassfish\hk2\hk2\2.6.1\hk2-2.6.1.jar;C:\Users\tiago.ribeiro.safetycontrol.000\.m2\repository\org\glassfish\hk2\hk2-utils\2.6.1\hk2-utils-2.6.1.jar;C:\Users\tiago.ribeiro.safetycontrol.000\.m2\repository\org\glassfish\hk2\hk2-api\2.6.1\hk2-api-2.6.1.jar;C:\Users\tiago.ribeiro.safetycontrol.000\.m2\repository\org\glassfish\hk2\hk2-core\2.6.1\hk2-core-2.6.1.jar;C:\Users\tiago.ribeiro.safetycontrol.000\.m2\repository\org\glassfish\hk2\hk2-runlevel\2.6.1\hk2-runlevel-2.6.1.jar;C:\Users\tiago.ribeiro.safetycontrol.000\.m2\repository\org\glassfish\hk2\class-model\2.6.1\class-model-2.6.1.jar;C:\Users\tiago.ribeiro.safetycontrol.000\.m2\repository\org\ow2\asm\asm\7.1\asm-7.1.jar;C:\Users\tiago.ribeiro.safetycontrol.000\.m2\repository\org\ow2\asm\asm-analysis\7.1\asm-analysis-7.1.jar;C:\Users\tiago.ribeiro.safetycontrol.000\.m2\repository\org\ow2\asm\asm-commons\7.1\asm-commons-7.1.jar;C:\Users\tiago.ribeiro.safetycontrol.000\.m2\repository\org\ow2\asm\asm-tree\7.1\asm-tree-7.1.jar;C:\Users\tiago.ribeiro.safetycontrol.000\.m2\repository\org\ow2\asm\asm-util\7.1\asm-util-7.1.jar;C:\Users\tiago.ribeiro.safetycontrol.000\.m2\repository\org\glassfish\hk2\spring-bridge\2.6.1\spring-bridge-2.6.1.jar;C:\Users\tiago.ribeiro.safetycontrol.000\.m2\repository\org\springframework\spring-aop\5.2.6.RELEASE\spring-aop-5.2.6.RELEASE.jar;C:\Users\tiago.ribeiro.safetycontrol.000\.m2\repository\org\glassfish\jersey\media\jersey-media-json-jackson\2.29.1\jersey-media-json-jackson-2.29.1.jar;C:\Users\tiago.ribeiro.safetycontrol.000\.m2\repository\org\glassfish\jersey\ext\jersey-entity-filtering\2.29.1\jersey-entity-filtering-2.29.1.jar;C:\Users\tiago.ribeiro.safetycontrol.000\.m2\repository\com\fasterxml\jackson\core\jackson-annotations\2.10.4\jackson-annotations-2.10.4.jar;C:\Users\tiago.ribeiro.safetycontrol.000\.m2\repository\com\fasterxml\jackson\module\jackson-module-jaxb-annotations\2.10.4\jackson-module-jaxb-annotations-2.10.4.jar;C:\Users\tiago.ribeiro.safetycontrol.000\.m2\repository\jakarta\xml\bind\jakarta.xml.bind-api\2.3.3\jakarta.xml.bind-api-2.3.3.jar;C:\Users\tiago.ribeiro.safetycontrol.000\.m2\repository\jakarta\activation\jakarta.activation-api\1.2.2\jakarta.activation-api-1.2.2.jar;C:\Users\tiago.ribeiro.safetycontrol.000\.m2\repository\org\springframework\boot\spring-boot-starter-web\2.2.7.RELEASE\spring-boot-starter-web-2.2.7.RELEASE.jar;C:\Users\tiago.ribeiro.safetycontrol.000\.m2\repository\org\springframework\boot\spring-boot-starter\2.2.7.RELEASE\spring-boot-starter-2.2.7.RELEASE.jar;C:\Users\tiago.ribeiro.safetycontrol.000\.m2\repository\org\springframework\boot\spring-boot\2.2.7.RELEASE\spring-boot-2.2.7.RELEASE.jar;C:\Users\tiago.ribeiro.safetycontrol.000\.m2\repository\org\springframework\boot\spring-boot-autoconfigure\2.2.7.RELEASE\spring-boot-autoconfigure-2.2.7.RELEASE.jar;C:\Users\tiago.ribeiro.safetycontrol.000\.m2\repository\org\springframework\boot\spring-boot-starter-logging\2.2.7.RELEASE\spring-boot-starter-logging-2.2.7.RELEASE.jar;C:\Users\tiago.ribeiro.safetycontrol.000\.m2\repository\ch\qos\logback\logback-classic\1.2.3\logback-classic-1.2.3.jar;C:\Users\tiago.ribeiro.safetycontrol.000\.m2\repository\ch\qos\logback\logback-core\1.2.3\logback-core-1.2.3.jar;C:\Users\tiago.ribeiro.safetycontrol.000\.m2\repository\org\apache\logging\log4j\log4j-to-slf4j\2.12.1\log4j-to-slf4j-2.12.1.jar;C:\Users\tiago.ribeiro.safetycontrol.000\.m2\repository\org\apache\logging\log4j\log4j-api\2.12.1\log4j-api-2.12.1.jar;C:\Users\tiago.ribeiro.safetycontrol.000\.m2\repository\org\slf4j\jul-to-slf4j\1.7.30\jul-to-slf4j-1.7.30.jar;C:\Users\tiago.ribeiro.safetycontrol.000\.m2\repository\org\yaml\snakeyaml\1.25\snakeyaml-1.25.jar;C:\Users\tiago.ribeiro.safetycontrol.000\.m2\repository\org\springframework\spring-webmvc\5.2.6.RELEASE\spring-webmvc-5.2.6.RELEASE.jar;C:\Users\tiago.ribeiro.safetycontrol.000\.m2\repository\org\springframework\spring-context\5.2.6.RELEASE\spring-context-5.2.6.RELEASE.jar;C:\Users\tiago.ribeiro.safetycontrol.000\.m2\repository\org\springframework\spring-expression\5.2.6.RELEASE\spring-expression-5.2.6.RELEASE.jar;C:\Users\tiago.ribeiro.safetycontrol.000\.m2\repository\org\springframework\boot\spring-boot-starter-web-services\2.2.7.RELEASE\spring-boot-starter-web-services-2.2.7.RELEASE.jar;C:\Users\tiago.ribeiro.safetycontrol.000\.m2\repository\com\sun\xml\messaging\saaj\saaj-impl\1.5.2\saaj-impl-1.5.2.jar;C:\Users\tiago.ribeiro.safetycontrol.000\.m2\repository\jakarta\xml\soap\jakarta.xml.soap-api\1.4.2\jakarta.xml.soap-api-1.4.2.jar;C:\Users\tiago.ribeiro.safetycontrol.000\.m2\repository\org\jvnet\staxex\stax-ex\1.8.3\stax-ex-1.8.3.jar;C:\Users\tiago.ribeiro.safetycontrol.000\.m2\repository\com\sun\activation\jakarta.activation\1.2.2\jakarta.activation-1.2.2.jar;C:\Users\tiago.ribeiro.safetycontrol.000\.m2\repository\jakarta\xml\ws\jakarta.xml.ws-api\2.3.3\jakarta.xml.ws-api-2.3.3.jar;C:\Users\tiago.ribeiro.safetycontrol.000\.m2\repository\jakarta\jws\jakarta.jws-api\2.1.0\jakarta.jws-api-2.1.0.jar;C:\Users\tiago.ribeiro.safetycontrol.000\.m2\repository\org\springframework\spring-oxm\5.2.6.RELEASE\spring-oxm-5.2.6.RELEASE.jar;C:\Users\tiago.ribeiro.safetycontrol.000\.m2\repository\org\springframework\ws\spring-ws-core\3.0.9.RELEASE\spring-ws-core-3.0.9.RELEASE.jar;C:\Users\tiago.ribeiro.safetycontrol.000\.m2\repository\org\springframework\ws\spring-xml\3.0.9.RELEASE\spring-xml-3.0.9.RELEASE.jar;C:\Users\tiago.ribeiro.safetycontrol.000\.m2\repository\org\springframework\boot\spring-boot-starter-test\2.2.7.RELEASE\spring-boot-starter-test-2.2.7.RELEASE.jar;C:\Users\tiago.ribeiro.safetycontrol.000\.m2\repository\org\springframework\boot\spring-boot-test\2.2.7.RELEASE\spring-boot-test-2.2.7.RELEASE.jar;C:\Users\tiago.ribeiro.safetycontrol.000\.m2\repository\org\springframework\boot\spring-boot-test-autoconfigure\2.2.7.RELEASE\spring-boot-test-autoconfigure-2.2.7.RELEASE.jar;C:\Users\tiago.ribeiro.safetycontrol.000\.m2\repository\com\jayway\jsonpath\json-path\2.4.0\json-path-2.4.0.jar;C:\Users\tiago.ribeiro.safetycontrol.000\.m2\repository\net\minidev\json-smart\2.3\json-smart-2.3.jar;C:\Users\tiago.ribeiro.safetycontrol.000\.m2\repository\net\minidev\accessors-smart\1.2\accessors-smart-1.2.jar;C:\Users\tiago.ribeiro.safetycontrol.000\.m2\repository\org\slf4j\slf4j-api\1.7.30\slf4j-api-1.7.30.jar;C:\Users\tiago.ribeiro.safetycontrol.000\.m2\repository\org\junit\jupiter\junit-jupiter\5.5.2\junit-jupiter-5.5.2.jar;C:\Users\tiago.ribeiro.safetycontrol.000\.m2\repository\org\junit\jupiter\junit-jupiter-api\5.5.2\junit-jupiter-api-5.5.2.jar;C:\Users\tiago.ribeiro.safetycontrol.000\.m2\repository\org\apiguardian\apiguardian-api\1.1.0\apiguardian-api-1.1.0.jar;C:\Users\tiago.ribeiro.safetycontrol.000\.m2\repository\org\opentest4j\opentest4j\1.2.0\opentest4j-1.2.0.jar;C:\Users\tiago.ribeiro.safetycontrol.000\.m2\repository\org\junit\platform\junit-platform-commons\1.5.2\junit-platform-commons-1.5.2.jar;C:\Users\tiago.ribeiro.safetycontrol.000\.m2\repository\org\junit\jupiter\junit-jupiter-params\5.5.2\junit-jupiter-params-5.5.2.jar;C:\Users\tiago.ribeiro.safetycontrol.000\.m2\repository\org\junit\jupiter\junit-jupiter-engine\5.5.2\junit-jupiter-engine-5.5.2.jar;C:\Users\tiago.ribeiro.safetycontrol.000\.m2\repository\org\junit\platform\junit-platform-engine\1.5.2\junit-platform-engine-1.5.2.jar;C:\Users\tiago.ribeiro.safetycontrol.000\.m2\repository\org\mockito\mockito-junit-jupiter\3.1.0\mockito-junit-jupiter-3.1.0.jar;C:\Users\tiago.ribeiro.safetycontrol.000\.m2\repository\org\assertj\assertj-core\3.13.2\assertj-core-3.13.2.jar;C:\Users\tiago.ribeiro.safetycontrol.000\.m2\repository\org\hamcrest\hamcrest\2.1\hamcrest-2.1.jar;C:\Users\tiago.ribeiro.safetycontrol.000\.m2\repository\org\mockito\mockito-core\3.1.0\mockito-core-3.1.0.jar;C:\Users\tiago.ribeiro.safetycontrol.000\.m2\repository\net\bytebuddy\byte-buddy\1.10.10\byte-buddy-1.10.10.jar;C:\Users\tiago.ribeiro.safetycontrol.000\.m2\repository\net\bytebuddy\byte-buddy-agent\1.10.10\byte-buddy-agent-1.10.10.jar;C:\Users\tiago.ribeiro.safetycontrol.000\.m2\repository\org\objenesis\objenesis\2.6\objenesis-2.6.jar;C:\Users\tiago.ribeiro.safetycontrol.000\.m2\repository\org\skyscreamer\jsonassert\1.5.0\jsonassert-1.5.0.jar;C:\Users\tiago.ribeiro.safetycontrol.000\.m2\repository\com\vaadin\external\google\android-json\0.0.20131108.vaadin1\android-json-0.0.20131108.vaadin1.jar;C:\Users\tiago.ribeiro.safetycontrol.000\.m2\repository\org\springframework\spring-core\5.2.6.RELEASE\spring-core-5.2.6.RELEASE.jar;C:\Users\tiago.ribeiro.safetycontrol.000\.m2\repository\org\springframework\spring-jcl\5.2.6.RELEASE\spring-jcl-5.2.6.RELEASE.jar;C:\Users\tiago.ribeiro.safetycontrol.000\.m2\repository\org\springframework\spring-test\5.2.6.RELEASE\spring-test-5.2.6.RELEASE.jar;C:\Users\tiago.ribeiro.safetycontrol.000\.m2\repository\org\xmlunit\xmlunit-core\2.6.4\xmlunit-core-2.6.4.jar;C:\Users\tiago.ribeiro.safetycontrol.000\.m2\repository\org\springframework\boot\spring-boot-starter-data-jpa\2.2.7.RELEASE\spring-boot-starter-data-jpa-2.2.7.RELEASE.jar;C:\Users\tiago.ribeiro.safetycontrol.000\.m2\repository\org\springframework\boot\spring-boot-starter-aop\2.2.7.RELEASE\spring-boot-starter-aop-2.2.7.RELEASE.jar;C:\Users\tiago.ribeiro.safetycontrol.000\.m2\repository\org\aspectj\aspectjweaver\1.9.5\aspectjweaver-1.9.5.jar;C:\Users\tiago.ribeiro.safetycontrol.000\.m2\repository\org\springframework\boot\spring-boot-starter-jdbc\2.2.7.RELEASE\spring-boot-starter-jdbc-2.2.7.RELEASE.jar;C:\Users\tiago.ribeiro.safetycontrol.000\.m2\repository\com\zaxxer\HikariCP\3.4.3\HikariCP-3.4.3.jar;C:\Users\tiago.ribeiro.safetycontrol.000\.m2\repository\org\springframework\spring-jdbc\5.2.6.RELEASE\spring-jdbc-5.2.6.RELEASE.jar;C:\Users\tiago.ribeiro.safetycontrol.000\.m2\repository\jakarta\persistence\jakarta.persistence-api\2.2.3\jakarta.persistence-api-2.2.3.jar;C:\Users\tiago.ribeiro.safetycontrol.000\.m2\repository\jakarta\transaction\jakarta.transaction-api\1.3.3\jakarta.transaction-api-1.3.3.jar;C:\Users\tiago.ribeiro.safetycontrol.000\.m2\repository\org\hibernate\hibernate-core\5.4.15.Final\hibernate-core-5.4.15.Final.jar;C:\Users\tiago.ribeiro.safetycontrol.000\.m2\repository\org\jboss\logging\jboss-logging\3.4.1.Final\jboss-logging-3.4.1.Final.jar;C:\Users\tiago.ribeiro.safetycontrol.000\.m2\repository\org\javassist\javassist\3.24.0-GA\javassist-3.24.0-GA.jar;C:\Users\tiago.ribeiro.safetycontrol.000\.m2\repository\antlr\antlr\2.7.7\antlr-2.7.7.jar;C:\Users\tiago.ribeiro.safetycontrol.000\.m2\repository\org\jboss\jandex\2.1.3.Final\jandex-2.1.3.Final.jar;C:\Users\tiago.ribeiro.safetycontrol.000\.m2\repository\com\fasterxml\classmate\1.5.1\classmate-1.5.1.jar;C:\Users\tiago.ribeiro.safetycontrol.000\.m2\repository\org\dom4j\dom4j\2.1.3\dom4j-2.1.3.jar;C:\Users\tiago.ribeiro.safetycontrol.000\.m2\repository\org\hibernate\common\hibernate-commons-annotations\5.1.0.Final\hibernate-commons-annotations-5.1.0.Final.jar;C:\Users\tiago.ribeiro.safetycontrol.000\.m2\repository\org\glassfish\jaxb\jaxb-runtime\2.3.3\jaxb-runtime-2.3.3.jar;C:\Users\tiago.ribeiro.safetycontrol.000\.m2\repository\org\glassfish\jaxb\txw2\2.3.3\txw2-2.3.3.jar;C:\Users\tiago.ribeiro.safetycontrol.000\.m2\repository\com\sun\istack\istack-commons-runtime\3.0.11\istack-commons-runtime-3.0.11.jar;C:\Users\tiago.ribeiro.safetycontrol.000\.m2\repository\org\springframework\data\spring-data-jpa\2.2.7.RELEASE\spring-data-jpa-2.2.7.RELEASE.jar;C:\Users\tiago.ribeiro.safetycontrol.000\.m2\repository\org\springframework\data\spring-data-commons\2.2.7.RELEASE\spring-data-commons-2.2.7.RELEASE.jar;C:\Users\tiago.ribeiro.safetycontrol.000\.m2\repository\org\springframework\spring-orm\5.2.6.RELEASE\spring-orm-5.2.6.RELEASE.jar;C:\Users\tiago.ribeiro.safetycontrol.000\.m2\repository\org\springframework\spring-tx\5.2.6.RELEASE\spring-tx-5.2.6.RELEASE.jar;C:\Users\tiago.ribeiro.safetycontrol.000\.m2\repository\org\springframework\spring-aspects\5.2.6.RELEASE\spring-aspects-5.2.6.RELEASE.jar;C:\Users\tiago.ribeiro.safetycontrol.000\.m2\repository\com\h2database\h2\1.4.200\h2-1.4.200.jar;C:\Users\tiago.ribeiro.safetycontrol.000\.m2\repository\junit\junit\4.12\junit-4.12.jar;C:\Users\tiago.ribeiro.safetycontrol.000\.m2\repository\org\hamcrest\hamcrest-core\2.1\hamcrest-core-2.1.jar;"/>
    <property name="sun.cpu.endian" value="little"/>
    <property name="user.home" value="C:\Users\tiago.ribeiro.safetycontrol.000"/>
    <property name="user.language" value="pt"/>
    <property name="java.specification.vendor" value="Oracle Corporation"/>
    <property name="java.home" value="C:\Program Files\Java\jdk1.8.0_111\jre"/>
    <property name="basedir" value="C:\Users\tiago.ribeiro.safetycontrol.000\eclipse-workspace\teste-cinq-spring-rest"/>
    <property name="file.separator" value="\"/>
    <property name="line.separator" value="&#10;"/>
    <property name="java.vm.specification.vendor" value="Oracle Corporation"/>
    <property name="java.specification.name" value="Java Platform API Specification"/>
    <property name="java.awt.graphicsenv" value="sun.awt.Win32GraphicsEnvironment"/>
    <property name="surefire.real.class.path" value="C:\Users\TIAGOR~1.000\AppData\Local\Temp\surefire4086374071823409816\surefirebooter359538702765803608.jar;C:\\Users\\tiago.ribeiro.safetycontrol.000\\.m2\\repository\\org\\jacoco\\org.jacoco.agent\\0.8.5\\org.jacoco.agent-0.8.5-runtime.jar"/>
    <property name="sun.boot.class.path" value="C:\Program Files\Java\jdk1.8.0_111\jre\lib\resources.jar;C:\Program Files\Java\jdk1.8.0_111\jre\lib\rt.jar;C:\Program Files\Java\jdk1.8.0_111\jre\lib\sunrsasign.jar;C:\Program Files\Java\jdk1.8.0_111\jre\lib\jsse.jar;C:\Program Files\Java\jdk1.8.0_111\jre\lib\jce.jar;C:\Program Files\Java\jdk1.8.0_111\jre\lib\charsets.jar;C:\Program Files\Java\jdk1.8.0_111\jre\lib\jfr.jar;C:\Program Files\Java\jdk1.8.0_111\jre\classes"/>
    <property name="user.script" value=""/>
    <property name="sun.management.compiler" value="HotSpot 64-Bit Tiered Compilers"/>
    <property name="java.runtime.version" value="1.8.0_111-b14"/>
    <property name="user.name" value="tiago.ribeiro"/>
    <property name="path.separator" value=";"/>
    <property name="os.version" value="10.0"/>
    <property name="java.endorsed.dirs" value="C:\Program Files\Java\jdk1.8.0_111\jre\lib\endorsed"/>
    <property name="java.runtime.name" value="Java(TM) SE Runtime Environment"/>
    <property name="file.encoding" value="Cp1252"/>
    <property name="java.vm.name" value="Java HotSpot(TM) 64-Bit Server VM"/>
    <property name="localRepository" value="C:\Users\tiago.ribeiro.safetycontrol.000\.m2\repository"/>
    <property name="java.vendor.url.bug" value="http://bugreport.sun.com/bugreport/"/>
    <property name="java.io.tmpdir" value="C:\Users\TIAGOR~1.000\AppData\Local\Temp\"/>
    <property name="java.version" value="1.8.0_111"/>
    <property name="user.dir" value="C:\Users\tiago.ribeiro.safetycontrol.000\eclipse-workspace\teste-cinq-spring-rest"/>
    <property name="os.arch" value="amd64"/>
    <property name="java.vm.specification.name" value="Java Virtual Machine Specification"/>
    <property name="java.awt.printerjob" value="sun.awt.windows.WPrinterJob"/>
    <property name="sun.os.patch.level" value=""/>
    <property name="java.library.path" value="C:\Program Files\Java\jdk1.8.0_111\jre\bin;C:\WINDOWS\Sun\Java\bin;C:\WINDOWS\system32;C:\WINDOWS;C:/PROGRA~1/Java/JDK18~1.0_1/jre/bin/server;C:/PROGRA~1/Java/JDK18~1.0_1/jre/bin;C:/PROGRA~1/Java/JDK18~1.0_1/jre/lib/amd64;%JAVA_HOME%\bin;C:\WINDOWS\system32;C:\WINDOWS;C:\WINDOWS\System32\Wbem;C:\WINDOWS\System32\WindowsPowerShell\v1.0\;C:\WINDOWS\System32\OpenSSH\;C:\Program Files\Git\cmd;C:\Program Files\PuTTY\;C:\Program Files\MySQL\MySQL Server 5.7\bin;%MAVEN_HOME%\bin;C:\Users\tiago.ribeiro.safetycontrol.000\pyton\Scripts\;C:\Users\tiago.ribeiro.safetycontrol.000\pyton\;C:\Users\tiago.ribeiro.safetycontrol.000\AppData\Local\Microsoft\WindowsApps;C:\Program Files\heroku\bin;C:\xampp\php;C:\Users\tiago.ribeiro.safetycontrol.000\AppData\Local\ComposerSetup\bin;C:\Users\tiago.ribeiro.safetycontrol.000\AppData\Roaming\Composer\vendor\bin;C:\WINDOWS\System32;;."/>
    <property name="java.vm.info" value="mixed mode"/>
    <property name="java.vendor" value="Oracle Corporation"/>
    <property name="java.vm.version" value="25.111-b14"/>
    <property name="java.ext.dirs" value="C:\Program Files\Java\jdk1.8.0_111\jre\lib\ext;C:\WINDOWS\Sun\Java\lib\ext"/>
    <property name="sun.io.unicode.encoding" value="UnicodeLittle"/>
    <property name="java.class.version" value="52.0"/>
  </properties>
  <testcase name="findByName" classname="com.laratecsys.testecinqspringrest.TesteCinqSpringRestApplicationTests" time="0.221">
    <error type="java.lang.NullPointerException">java.lang.NullPointerException
	at com.laratecsys.testecinqspringrest.TesteCinqSpringRestApplicationTests.findByName(TesteCinqSpringRestApplicationTests.java:30)
</error>
    <system-out><![CDATA[03:11:36.191 [main] DEBUG org.springframework.test.context.BootstrapUtils - Instantiating CacheAwareContextLoaderDelegate from class [org.springframework.test.context.cache.DefaultCacheAwareContextLoaderDelegate]
03:11:36.252 [main] DEBUG org.springframework.test.context.BootstrapUtils - Instantiating BootstrapContext using constructor [public org.springframework.test.context.support.DefaultBootstrapContext(java.lang.Class,org.springframework.test.context.CacheAwareContextLoaderDelegate)]
03:11:36.390 [main] DEBUG org.springframework.test.context.BootstrapUtils - Instantiating TestContextBootstrapper for test class [com.laratecsys.testecinqspringrest.TesteCinqSpringRestApplicationTests] from class [org.springframework.boot.test.context.SpringBootTestContextBootstrapper]
03:11:36.474 [main] INFO org.springframework.boot.test.context.SpringBootTestContextBootstrapper - Neither @ContextConfiguration nor @ContextHierarchy found for test class [com.laratecsys.testecinqspringrest.TesteCinqSpringRestApplicationTests], using SpringBootContextLoader
03:11:36.498 [main] DEBUG org.springframework.test.context.support.AbstractContextLoader - Did not detect default resource location for test class [com.laratecsys.testecinqspringrest.TesteCinqSpringRestApplicationTests]: class path resource [com/laratecsys/testecinqspringrest/TesteCinqSpringRestApplicationTests-context.xml] does not exist
03:11:36.500 [main] DEBUG org.springframework.test.context.support.AbstractContextLoader - Did not detect default resource location for test class [com.laratecsys.testecinqspringrest.TesteCinqSpringRestApplicationTests]: class path resource [com/laratecsys/testecinqspringrest/TesteCinqSpringRestApplicationTestsContext.groovy] does not exist
03:11:36.501 [main] INFO org.springframework.test.context.support.AbstractContextLoader - Could not detect default resource locations for test class [com.laratecsys.testecinqspringrest.TesteCinqSpringRestApplicationTests]: no resource found for suffixes {-context.xml, Context.groovy}.
03:11:36.506 [main] INFO org.springframework.test.context.support.AnnotationConfigContextLoaderUtils - Could not detect default configuration classes for test class [com.laratecsys.testecinqspringrest.TesteCinqSpringRestApplicationTests]: TesteCinqSpringRestApplicationTests does not declare any static, non-private, non-final, nested classes annotated with @Configuration.
03:11:36.684 [main] DEBUG org.springframework.test.context.support.ActiveProfilesUtils - Could not find an 'annotation declaring class' for annotation type [org.springframework.test.context.ActiveProfiles] and class [com.laratecsys.testecinqspringrest.TesteCinqSpringRestApplicationTests]
03:11:36.947 [main] DEBUG org.springframework.context.annotation.ClassPathScanningCandidateComponentProvider - Identified candidate component class: file [C:\Users\tiago.ribeiro.safetycontrol.000\eclipse-workspace\teste-cinq-spring-rest\target\classes\com\laratecsys\testecinqspringrest\TesteCinqSpringRestApplication.class]
03:11:36.951 [main] INFO org.springframework.boot.test.context.SpringBootTestContextBootstrapper - Found @SpringBootConfiguration com.laratecsys.testecinqspringrest.TesteCinqSpringRestApplication for test class com.laratecsys.testecinqspringrest.TesteCinqSpringRestApplicationTests
03:11:37.307 [main] DEBUG org.springframework.boot.test.context.SpringBootTestContextBootstrapper - @TestExecutionListeners is not present for class [com.laratecsys.testecinqspringrest.TesteCinqSpringRestApplicationTests]: using defaults.
03:11:37.309 [main] INFO org.springframework.boot.test.context.SpringBootTestContextBootstrapper - Loaded default TestExecutionListener class names from location [META-INF/spring.factories]: [org.springframework.boot.test.mock.mockito.MockitoTestExecutionListener, org.springframework.boot.test.mock.mockito.ResetMocksTestExecutionListener, org.springframework.boot.test.autoconfigure.restdocs.RestDocsTestExecutionListener, org.springframework.boot.test.autoconfigure.web.client.MockRestServiceServerResetTestExecutionListener, org.springframework.boot.test.autoconfigure.web.servlet.MockMvcPrintOnlyOnFailureTestExecutionListener, org.springframework.boot.test.autoconfigure.web.servlet.WebDriverTestExecutionListener, org.springframework.test.context.web.ServletTestExecutionListener, org.springframework.test.context.support.DirtiesContextBeforeModesTestExecutionListener, org.springframework.test.context.support.DependencyInjectionTestExecutionListener, org.springframework.test.context.support.DirtiesContextTestExecutionListener, org.springframework.test.context.transaction.TransactionalTestExecutionListener, org.springframework.test.context.jdbc.SqlScriptsTestExecutionListener, org.springframework.test.context.event.EventPublishingTestExecutionListener]
03:11:37.384 [main] INFO org.springframework.boot.test.context.SpringBootTestContextBootstrapper - Using TestExecutionListeners: [org.springframework.test.context.web.ServletTestExecutionListener@74764622, org.springframework.test.context.support.DirtiesContextBeforeModesTestExecutionListener@7ba06506, org.springframework.boot.test.mock.mockito.MockitoTestExecutionListener@63dc3420, org.springframework.boot.test.autoconfigure.SpringBootDependencyInjectionTestExecutionListener@525b8922, org.springframework.test.context.support.DirtiesContextTestExecutionListener@145a821d, org.springframework.test.context.transaction.TransactionalTestExecutionListener@6caa4dc5, org.springframework.test.context.jdbc.SqlScriptsTestExecutionListener@6ed51944, org.springframework.test.context.event.EventPublishingTestExecutionListener@60c98f25, org.springframework.boot.test.mock.mockito.ResetMocksTestExecutionListener@20c3b34b, org.springframework.boot.test.autoconfigure.restdocs.RestDocsTestExecutionListener@1eb906f3, org.springframework.boot.test.autoconfigure.web.client.MockRestServiceServerResetTestExecutionListener@58e02359, org.springframework.boot.test.autoconfigure.web.servlet.MockMvcPrintOnlyOnFailureTestExecutionListener@74fc3fc7, org.springframework.boot.test.autoconfigure.web.servlet.WebDriverTestExecutionListener@491893f8]
03:11:37.394 [main] DEBUG org.springframework.test.context.support.AbstractDirtiesContextTestExecutionListener - Before test class: context [DefaultTestContext@740c4868 testClass = TesteCinqSpringRestApplicationTests, testInstance = [null], testMethod = [null], testException = [null], mergedContextConfiguration = [WebMergedContextConfiguration@5f3f3d00 testClass = TesteCinqSpringRestApplicationTests, locations = '{}', classes = '{class com.laratecsys.testecinqspringrest.TesteCinqSpringRestApplication}', contextInitializerClasses = '[]', activeProfiles = '{}', propertySourceLocations = '{}', propertySourceProperties = '{org.springframework.boot.test.context.SpringBootTestContextBootstrapper=true}', contextCustomizers = set[org.springframework.boot.test.context.filter.ExcludeFilterContextCustomizer@4ba6ec50, org.springframework.boot.test.json.DuplicateJsonObjectContextCustomizerFactory$DuplicateJsonObjectContextCustomizer@42fb8c87, org.springframework.boot.test.mock.mockito.MockitoContextCustomizer@0, org.springframework.boot.test.web.client.TestRestTemplateContextCustomizer@7593ea79, org.springframework.boot.test.autoconfigure.properties.PropertyMappingContextCustomizer@0, org.springframework.boot.test.autoconfigure.web.servlet.WebDriverContextCustomizerFactory$Customizer@28ee7bee, org.springframework.boot.test.context.SpringBootTestArgs@1], resourceBasePath = 'src/main/webapp', contextLoader = 'org.springframework.boot.test.context.SpringBootContextLoader', parent = [null]], attributes = map['org.springframework.test.context.web.ServletTestExecutionListener.activateListener' -> true]], class annotated with @DirtiesContext [false] with mode [null].
03:11:37.502 [main] DEBUG org.springframework.test.context.support.TestPropertySourceUtils - Adding inlined properties to environment: {spring.jmx.enabled=false, org.springframework.boot.test.context.SpringBootTestContextBootstrapper=true, server.port=-1}

  .   ____          _            __ _ _
 /\\ / ___'_ __ _ _(_)_ __  __ _ \ \ \ \
( ( )\___ | '_ | '_| | '_ \/ _` | \ \ \ \
 \\/  ___)| |_)| | | | | || (_| |  ) ) ) )
  '  |____| .__|_| |_|_| |_\__, | / / / /
 =========|_|==============|___/=/_/_/_/
 :: Spring Boot ::        (v2.2.7.RELEASE)

2020-05-10 03:11:38.579  INFO 15388 --- [           main] .l.t.TesteCinqSpringRestApplicationTests : Starting TesteCinqSpringRestApplicationTests on ENGENHARIA08 with PID 15388 (started by tiago.ribeiro in C:\Users\tiago.ribeiro.safetycontrol.000\eclipse-workspace\teste-cinq-spring-rest)
2020-05-10 03:11:38.585  INFO 15388 --- [           main] .l.t.TesteCinqSpringRestApplicationTests : No active profile set, falling back to default profiles: default
2020-05-10 03:11:40.588  INFO 15388 --- [           main] .s.d.r.c.RepositoryConfigurationDelegate : Bootstrapping Spring Data JPA repositories in DEFAULT mode.
2020-05-10 03:11:40.866  INFO 15388 --- [           main] .s.d.r.c.RepositoryConfigurationDelegate : Finished Spring Data repository scanning in 241ms. Found 2 JPA repository interfaces.
2020-05-10 03:11:42.028  INFO 15388 --- [           main] trationDelegate$BeanPostProcessorChecker : Bean 'org.springframework.ws.config.annotation.DelegatingWsConfiguration' of type [org.springframework.ws.config.annotation.DelegatingWsConfiguration$$EnhancerBySpringCGLIB$$21b50f68] is not eligible for getting processed by all BeanPostProcessors (for example: not eligible for auto-proxying)
2020-05-10 03:11:42.188  INFO 15388 --- [           main] .w.s.a.s.AnnotationActionEndpointMapping : Supporting [WS-Addressing August 2004, WS-Addressing 1.0]
2020-05-10 03:11:42.560  INFO 15388 --- [           main] com.zaxxer.hikari.HikariDataSource       : HikariPool-1 - Starting...
2020-05-10 03:11:43.344  INFO 15388 --- [           main] com.zaxxer.hikari.HikariDataSource       : HikariPool-1 - Start completed.
2020-05-10 03:11:43.840  INFO 15388 --- [           main] o.hibernate.jpa.internal.util.LogHelper  : HHH000204: Processing PersistenceUnitInfo [name: default]
2020-05-10 03:11:44.027  INFO 15388 --- [           main] org.hibernate.Version                    : HHH000412: Hibernate ORM core version 5.4.15.Final
2020-05-10 03:11:44.466  INFO 15388 --- [           main] o.hibernate.annotations.common.Version   : HCANN000001: Hibernate Commons Annotations {5.1.0.Final}
2020-05-10 03:11:45.576  INFO 15388 --- [           main] org.hibernate.dialect.Dialect            : HHH000400: Using dialect: org.hibernate.dialect.H2Dialect
2020-05-10 03:11:48.146  INFO 15388 --- [           main] o.h.e.t.j.p.i.JtaPlatformInitiator       : HHH000490: Using JtaPlatform implementation: [org.hibernate.engine.transaction.jta.platform.internal.NoJtaPlatform]
2020-05-10 03:11:48.175  INFO 15388 --- [           main] j.LocalContainerEntityManagerFactoryBean : Initialized JPA EntityManagerFactory for persistence unit 'default'
2020-05-10 03:11:50.079  WARN 15388 --- [           main] JpaBaseConfiguration$JpaWebConfiguration : spring.jpa.open-in-view is enabled by default. Therefore, database queries may be performed during view rendering. Explicitly configure spring.jpa.open-in-view to disable this warning
2020-05-10 03:11:50.524  INFO 15388 --- [           main] o.s.s.concurrent.ThreadPoolTaskExecutor  : Initializing ExecutorService 'applicationTaskExecutor'
2020-05-10 03:11:51.294  INFO 15388 --- [           main] o.s.b.a.h2.H2ConsoleAutoConfiguration    : H2 console available at '/h2-console'. Database available at 'jdbc:h2:mem:dbteste'
2020-05-10 03:11:51.648  INFO 15388 --- [           main] .l.t.TesteCinqSpringRestApplicationTests : Started TesteCinqSpringRestApplicationTests in 14.108 seconds (JVM running for 17.77)
Hibernate: 
    select
        country0_.id as id1_1_,
        country0_.name as name2_1_ 
    from
        country country0_
[com.laratecsys.testecinqspringrest.Entity.Country@20, com.laratecsys.testecinqspringrest.Entity.Country@21, com.laratecsys.testecinqspringrest.Entity.Country@22]
]]></system-out>
  </testcase>
  <testcase name="contextLoads" classname="com.laratecsys.testecinqspringrest.TesteCinqSpringRestApplicationTests" time="0.005"/>
</testsuite>